#
# A fatal error has been detected by the Java Runtime Environment:
#
#  EXCEPTION_ACCESS_VIOLATION (0xc0000005) at pc=0x0000000068d8a070, pid=11912, tid=0x0000000000000124
#
# JRE version: OpenJDK Runtime Environment (8.0_112-b06) (build 1.8.0_112-release-b06)
# Java VM: OpenJDK 64-Bit Server VM (25.112-b06 mixed mode windows-amd64 compressed oops)
# Problematic frame:
# V  [jvm.dll+0x8a070]
#
# Failed to write core dump. Minidumps are not enabled by default on client versions of Windows
#
# If you would like to submit a bug report, please visit:
#   http://bugreport.java.com/bugreport/crash.jsp
#

---------------  T H R E A D  ---------------

Current thread (0x00000000022a6800):  GCTaskThread [stack: 0x0000000011c60000,0x0000000011d60000] [id=292]

siginfo: ExceptionCode=0xc0000005, reading address 0x00000007342ec808

Registers:
RAX=0x0000000000000000, RBX=0x00000000e685d958, RCX=0x00000000e685d958, RDX=0x00000007342ec800
RSP=0x0000000011d5f8d8, RBP=0x0000000011761f81, RSI=0x0000000015cc3040, RDI=0x00000000a23ee8a0
R8 =0x0000000015cc3040, R9 =0x00000001000001f8, R10=0x0000000000000008, R11=0x00000000e93b6530
R12=0x0000000011761f73, R13=0xe685d99800000000, R14=0x0000000000000000, R15=0x000000000229c870
RIP=0x0000000068d8a070, EFLAGS=0x0000000000010206

Top of Stack: (sp=0x0000000011d5f8d8)
0x0000000011d5f8d8:   00000000690cac22 0000000000000079
0x0000000011d5f8e8:   0000000000000003 0000000015cc3040
0x0000000011d5f8f8:   00000000e6d3fd24 00000000e93ae540
0x0000000011d5f908:   0000000000001000 00000000a283f678
0x0000000011d5f918:   0000000000000400 0000000000000000
0x0000000011d5f928:   0000000015cc3000 0000000011761f73
0x0000000011d5f938:   00000000690caf90 00000000e93b2fa8
0x0000000011d5f948:   0000000011761f81 0000000015cc3040
0x0000000011d5f958:   00000000a23ee8a0 00000000e93b2fa8
0x0000000011d5f968:   00000000690cbb35 00000000e69906d8
0x0000000011d5f978:   0000000011761f81 0000000015cc3040
0x0000000011d5f988:   0000000000000003 0000000015cc3040
0x0000000011d5f998:   00007fff5ec83acf 00000000a17a18cc
0x0000000011d5f9a8:   0000000068deed77 0000000015cc3040
0x0000000011d5f9b8:   0000000068decf83 00000000a23ee725
0x0000000011d5f9c8:   00000000a23ee725 00000000a23ec288 

Instructions: (pc=0x0000000068d8a070)
0x0000000068d8a050:   1c 42 1d 00 48 8b 9c 24 c0 00 00 00 48 81 c4 b0
0x0000000068d8a060:   00 00 00 5d c3 cc cc cc cc cc cc cc cc cc cc cc
0x0000000068d8a070:   44 8b 42 08 4c 8b ca 45 85 c0 7e 0e 41 f6 c0 01
0x0000000068d8a080:   75 57 41 c1 f8 03 41 8b c0 c3 79 4d 80 3d de d7 


Register to memory mapping:

RAX=0x0000000000000000 is an unknown value
RBX=0x00000000e685d958 is an oop

[error occurred during error reporting (printing register info), id 0xc0000005]

Stack: [0x0000000011c60000,0x0000000011d60000],  sp=0x0000000011d5f8d8,  free space=1022k
Native frames: (J=compiled Java code, j=interpreted, Vv=VM code, C=native code)
V  [jvm.dll+0x8a070]


---------------  P R O C E S S  ---------------

Java Threads: ( => current thread )
  0x0000000015d05000 JavaThread "pool-123-thread-4" [_thread_blocked, id=10180, stack(0x000000003b720000,0x000000003b820000)]
  0x0000000015d07000 JavaThread "pool-123-thread-3" [_thread_blocked, id=9560, stack(0x000000003b620000,0x000000003b720000)]
  0x000000001cbcf800 JavaThread "pool-123-thread-2" [_thread_blocked, id=1744, stack(0x000000003b520000,0x000000003b620000)]
  0x000000001cbce800 JavaThread "pool-124-thread-1" [_thread_blocked, id=9532, stack(0x000000003b420000,0x000000003b520000)]
  0x000000001cbd0000 JavaThread "pool-123-thread-1" [_thread_blocked, id=9008, stack(0x000000003b320000,0x000000003b420000)]
  0x000000001cbce000 JavaThread "pool-121-thread-1" [_thread_blocked, id=10176, stack(0x000000003b220000,0x000000003b320000)]
  0x000000001cbcd000 JavaThread "Cache update executor" [_thread_blocked, id=2548, stack(0x000000003b120000,0x000000003b220000)]
  0x000000001cbcb000 JavaThread "Stdin handler" [_thread_blocked, id=2128, stack(0x000000003b020000,0x000000003b120000)]
  0x000000001cbc2800 JavaThread "Asynchronous log dispatcher for DefaultDaemonConnection: socket connection from /127.0.0.1:50142 to /127.0.0.1:60062" [_thread_blocked, id=8400, stack(0x000000003af20000,0x000000003b020000)]
  0x000000001cbc8800 JavaThread "Daemon worker Thread 16" [_thread_blocked, id=5568, stack(0x000000003ae20000,0x000000003af20000)]
  0x000000001cbc6800 JavaThread "Cancel handler" [_thread_blocked, id=11116, stack(0x000000003ad20000,0x000000003ae20000)]
  0x000000001cbc8000 JavaThread "Handler for socket connection from /127.0.0.1:50142 to /127.0.0.1:60062" [_thread_in_native, id=5888, stack(0x000000003ac20000,0x000000003ad20000)]
  0x000000001cbc5800 JavaThread "Daemon Thread 16" [_thread_blocked, id=5240, stack(0x000000003ab20000,0x000000003ac20000)]
  0x000000001cbcb800 JavaThread "pool-4-thread-4" [_thread_blocked, id=10852, stack(0x0000000026820000,0x0000000026920000)]
  0x000000001cbca000 JavaThread "pool-4-thread-3" [_thread_blocked, id=9984, stack(0x0000000024a20000,0x0000000024b20000)]
  0x000000001cbc5000 JavaThread "pool-4-thread-2" [_thread_blocked, id=3756, stack(0x0000000022c20000,0x0000000022d20000)]
  0x000000001cbc7000 JavaThread "pool-4-thread-1" [_thread_blocked, id=1388, stack(0x0000000020e20000,0x0000000020f20000)]
  0x0000000015d06800 JavaThread "File lock request listener" [_thread_in_native, id=4232, stack(0x000000001d800000,0x000000001d900000)]
  0x0000000018af6000 JavaThread "pool-1-thread-1" [_thread_blocked, id=2656, stack(0x0000000019f90000,0x000000001a090000)]
  0x0000000018db9000 JavaThread "Incoming local TCP Connector on port 50142" [_thread_in_native, id=1152, stack(0x0000000019950000,0x0000000019a50000)]
  0x0000000017663000 JavaThread "Service Thread" daemon [_thread_blocked, id=2604, stack(0x0000000017a40000,0x0000000017b40000)]
  0x0000000015d03800 JavaThread "C1 CompilerThread2" daemon [_thread_blocked, id=2796, stack(0x0000000017540000,0x0000000017640000)]
  0x0000000015d05800 JavaThread "C2 CompilerThread1" daemon [_thread_blocked, id=10188, stack(0x0000000017440000,0x0000000017540000)]
  0x0000000015cfe000 JavaThread "C2 CompilerThread0" daemon [_thread_blocked, id=11160, stack(0x0000000017340000,0x0000000017440000)]
  0x0000000015cfc800 JavaThread "Attach Listener" daemon [_thread_blocked, id=692, stack(0x0000000017240000,0x0000000017340000)]
  0x0000000015cfb000 JavaThread "Signal Dispatcher" daemon [_thread_blocked, id=12096, stack(0x0000000017140000,0x0000000017240000)]
  0x0000000015ce8800 JavaThread "Finalizer" daemon [_thread_blocked, id=7184, stack(0x0000000016f50000,0x0000000017050000)]
  0x0000000002381000 JavaThread "Reference Handler" daemon [_thread_blocked, id=8972, stack(0x0000000016e50000,0x0000000016f50000)]
  0x0000000002290800 JavaThread "main" [_thread_blocked, id=10532, stack(0x0000000002190000,0x0000000002290000)]

Other Threads:
  0x0000000015cc4800 VMThread [stack: 0x0000000016d50000,0x0000000016e50000] [id=6492]
  0x0000000017664800 WatcherThread [stack: 0x0000000017b40000,0x0000000017c40000] [id=11556]

=>0x00000000022a6800 (exited) GCTaskThread [stack: 0x0000000011c60000,0x0000000011d60000] [id=292]

VM state:at safepoint (normal execution)

VM Mutex/Monitor currently owned by a thread:  ([mutex/lock_event])
[0x0000000000a2c200] Threads_lock - owner thread: 0x0000000015cc4800
[0x0000000000a2b800] Heap_lock - owner thread: 0x0000000015d05000

Heap:
 PSYoungGen      total 139264K, used 112987K [0x00000000e0000000, 0x00000000eae00000, 0x0000000100000000)
  eden space 104960K, 99% used [0x00000000e0000000,0x00000000e667eef8,0x00000000e6680000)
  from space 34304K, 23% used [0x00000000e6680000,0x00000000e6e57f78,0x00000000e8800000)
  to   space 33280K, 33% used [0x00000000e8d80000,0x00000000e985f138,0x00000000eae00000)
 ParOldGen       total 128000K, used 41365K [0x00000000a0000000, 0x00000000a7d00000, 0x00000000e0000000)
  object space 128000K, 32% used [0x00000000a0000000,0x00000000a2865678,0x00000000a7d00000)
 Metaspace       used 72028K, capacity 77438K, committed 77568K, reserved 1118208K
  class space    used 8968K, capacity 9670K, committed 9728K, reserved 1048576K

Card table byte_map: [0x0000000011750000,0x0000000011a60000] byte_map_base: 0x0000000011250000

Marking Bits: (ParMarkBitMap*) 0x00000000694c18f0
 Begin Bits: [0x0000000012060000, 0x0000000013860000)
 End Bits:   [0x0000000013860000, 0x0000000015060000)

Polling page: 0x00000000001f0000

CodeCache: size=245760Kb used=60074Kb max_used=60087Kb free=185685Kb
 bounds [0x0000000002390000, 0x0000000005eb0000, 0x0000000011390000]
 total_blobs=16990 nmethods=16205 adapters=698
 compilation: enabled

Compilation events (10 events):
Event: 4663.073 Thread 0x0000000015d03800 21154       1       com.android.build.gradle.internal.transforms.DexTransform::getName (3 bytes)
Event: 4663.074 Thread 0x0000000015d03800 nmethod 21154 0x0000000005e8da10 code [0x0000000005e8db60, 0x0000000005e8dc70]
Event: 4663.151 Thread 0x0000000015cfe000 21155       4       java.util.concurrent.locks.ReentrantLock::<init> (16 bytes)
Event: 4663.151 Thread 0x0000000015d03800 21156       3       com.android.dx.dex.file.Section::<init> (48 bytes)
Event: 4663.151 Thread 0x0000000015d03800 nmethod 21156 0x0000000005e94490 code [0x0000000005e94620, 0x0000000005e94ab8]
Event: 4663.152 Thread 0x0000000015cfe000 nmethod 21155 0x0000000005e8d750 code [0x0000000005e8d8a0, 0x0000000005e8d978]
Event: 4663.162 Thread 0x0000000015d03800 21157       3       java.util.concurrent.ThreadLocalRandom::getProbe (13 bytes)
Event: 4663.162 Thread 0x0000000015d03800 nmethod 21157 0x0000000005e8d450 code [0x0000000005e8d5a0, 0x0000000005e8d6f0]
Event: 4663.162 Thread 0x0000000015d03800 21158       3       com.android.dx.rop.code.Rops::opInvokeInterface (17 bytes)
Event: 4663.163 Thread 0x0000000015d03800 nmethod 21158 0x0000000005e93e90 code [0x0000000005e94020, 0x0000000005e94338]

GC Heap History (10 events):
Event: 3854.603 GC heap after
Heap after GC invocations=46 (full 3):
 PSYoungGen      total 121856K, used 20524K [0x00000000e0000000, 0x00000000e9d00000, 0x0000000100000000)
  eden space 93696K, 0% used [0x00000000e0000000,0x00000000e0000000,0x00000000e5b80000)
  from space 28160K, 72% used [0x00000000e5b80000,0x00000000e6f8b348,0x00000000e7700000)
  to   space 29696K, 0% used [0x00000000e8000000,0x00000000e8000000,0x00000000e9d00000)
 ParOldGen       total 128000K, used 40841K [0x00000000a0000000, 0x00000000a7d00000, 0x00000000e0000000)
  object space 128000K, 31% used [0x00000000a0000000,0x00000000a27e2630,0x00000000a7d00000)
 Metaspace       used 71772K, capacity 77028K, committed 77312K, reserved 1116160K
  class space    used 8949K, capacity 9649K, committed 9728K, reserved 1048576K
}
Event: 3855.074 GC heap before
{Heap before GC invocations=47 (full 3):
 PSYoungGen      total 121856K, used 114220K [0x00000000e0000000, 0x00000000e9d00000, 0x0000000100000000)
  eden space 93696K, 100% used [0x00000000e0000000,0x00000000e5b80000,0x00000000e5b80000)
  from space 28160K, 72% used [0x00000000e5b80000,0x00000000e6f8b348,0x00000000e7700000)
  to   space 29696K, 0% used [0x00000000e8000000,0x00000000e8000000,0x00000000e9d00000)
 ParOldGen       total 128000K, used 40841K [0x00000000a0000000, 0x00000000a7d00000, 0x00000000e0000000)
  object space 128000K, 31% used [0x00000000a0000000,0x00000000a27e2630,0x00000000a7d00000)
 Metaspace       used 71791K, capacity 77096K, committed 77312K, reserved 1116160K
  class space    used 8949K, capacity 9649K, committed 9728K, reserved 1048576K
Event: 3855.081 GC heap after
Heap after GC invocations=47 (full 3):
 PSYoungGen      total 130048K, used 5395K [0x00000000e0000000, 0x00000000e9c00000, 0x0000000100000000)
  eden space 101376K, 0% used [0x00000000e0000000,0x00000000e0000000,0x00000000e6300000)
  from space 28672K, 18% used [0x00000000e8000000,0x00000000e8544fb8,0x00000000e9c00000)
  to   space 29184K, 0% used [0x00000000e6300000,0x00000000e6300000,0x00000000e7f80000)
 ParOldGen       total 128000K, used 40897K [0x00000000a0000000, 0x00000000a7d00000, 0x00000000e0000000)
  object space 128000K, 31% used [0x00000000a0000000,0x00000000a27f0630,0x00000000a7d00000)
 Metaspace       used 71791K, capacity 77096K, committed 77312K, reserved 1116160K
  class space    used 8949K, capacity 9649K, committed 9728K, reserved 1048576K
}
Event: 4257.153 GC heap before
{Heap before GC invocations=48 (full 3):
 PSYoungGen      total 130048K, used 105332K [0x00000000e0000000, 0x00000000e9c00000, 0x0000000100000000)
  eden space 101376K, 98% used [0x00000000e0000000,0x00000000e61982e8,0x00000000e6300000)
  from space 28672K, 18% used [0x00000000e8000000,0x00000000e8544fb8,0x00000000e9c00000)
  to   space 29184K, 0% used [0x00000000e6300000,0x00000000e6300000,0x00000000e7f80000)
 ParOldGen       total 128000K, used 40897K [0x00000000a0000000, 0x00000000a7d00000, 0x00000000e0000000)
  object space 128000K, 31% used [0x00000000a0000000,0x00000000a27f0630,0x00000000a7d00000)
 Metaspace       used 71892K, capacity 77278K, committed 77568K, reserved 1118208K
  class space    used 8960K, capacity 9662K, committed 9728K, reserved 1048576K
Event: 4257.175 GC heap after
Heap after GC invocations=48 (full 3):
 PSYoungGen      total 130560K, used 21257K [0x00000000e0000000, 0x00000000ea680000, 0x0000000100000000)
  eden space 101376K, 0% used [0x00000000e0000000,0x00000000e0000000,0x00000000e6300000)
  from space 29184K, 72% used [0x00000000e6300000,0x00000000e77c24b0,0x00000000e7f80000)
  to   space 31232K, 0% used [0x00000000e8800000,0x00000000e8800000,0x00000000ea680000)
 ParOldGen       total 128000K, used 40953K [0x00000000a0000000, 0x00000000a7d00000, 0x00000000e0000000)
  object space 128000K, 31% used [0x00000000a0000000,0x00000000a27fe630,0x00000000a7d00000)
 Metaspace       used 71892K, capacity 77278K, committed 77568K, reserved 1118208K
  class space    used 8960K, capacity 9662K, committed 9728K, reserved 1048576K
}
Event: 4258.125 GC heap before
{Heap before GC invocations=49 (full 3):
 PSYoungGen      total 130560K, used 122633K [0x00000000e0000000, 0x00000000ea680000, 0x0000000100000000)
  eden space 101376K, 100% used [0x00000000e0000000,0x00000000e6300000,0x00000000e6300000)
  from space 29184K, 72% used [0x00000000e6300000,0x00000000e77c24b0,0x00000000e7f80000)
  to   space 31232K, 0% used [0x00000000e8800000,0x00000000e8800000,0x00000000ea680000)
 ParOldGen       total 128000K, used 40953K [0x00000000a0000000, 0x00000000a7d00000, 0x00000000e0000000)
  object space 128000K, 31% used [0x00000000a0000000,0x00000000a27fe630,0x00000000a7d00000)
 Metaspace       used 71941K, capacity 77350K, committed 77568K, reserved 1118208K
  class space    used 8961K, capacity 9662K, committed 9728K, reserved 1048576K
Event: 4258.149 GC heap after
Heap after GC invocations=49 (full 3):
 PSYoungGen      total 136192K, used 25679K [0x00000000e0000000, 0x00000000eae00000, 0x0000000100000000)
  eden space 104960K, 0% used [0x00000000e0000000,0x00000000e0000000,0x00000000e6680000)
  from space 31232K, 82% used [0x00000000e8800000,0x00000000ea113d58,0x00000000ea680000)
  to   space 34304K, 0% used [0x00000000e6680000,0x00000000e6680000,0x00000000e8800000)
 ParOldGen       total 128000K, used 40985K [0x00000000a0000000, 0x00000000a7d00000, 0x00000000e0000000)
  object space 128000K, 32% used [0x00000000a0000000,0x00000000a2806630,0x00000000a7d00000)
 Metaspace       used 71941K, capacity 77350K, committed 77568K, reserved 1118208K
  class space    used 8961K, capacity 9662K, committed 9728K, reserved 1048576K
}
Event: 4661.669 GC heap before
{Heap before GC invocations=50 (full 3):
 PSYoungGen      total 136192K, used 130639K [0x00000000e0000000, 0x00000000eae00000, 0x0000000100000000)
  eden space 104960K, 100% used [0x00000000e0000000,0x00000000e6680000,0x00000000e6680000)
  from space 31232K, 82% used [0x00000000e8800000,0x00000000ea113d58,0x00000000ea680000)
  to   space 34304K, 0% used [0x00000000e6680000,0x00000000e6680000,0x00000000e8800000)
 ParOldGen       total 128000K, used 40985K [0x00000000a0000000, 0x00000000a7d00000, 0x00000000e0000000)
  object space 128000K, 32% used [0x00000000a0000000,0x00000000a2806630,0x00000000a7d00000)
 Metaspace       used 72002K, capacity 77438K, committed 77568K, reserved 1118208K
  class space    used 8968K, capacity 9670K, committed 9728K, reserved 1048576K
Event: 4661.678 GC heap after
Heap after GC invocations=50 (full 3):
 PSYoungGen      total 139264K, used 8031K [0x00000000e0000000, 0x00000000eae00000, 0x0000000100000000)
  eden space 104960K, 0% used [0x00000000e0000000,0x00000000e0000000,0x00000000e6680000)
  from space 34304K, 23% used [0x00000000e6680000,0x00000000e6e57f78,0x00000000e8800000)
  to   space 33280K, 0% used [0x00000000e8d80000,0x00000000e8d80000,0x00000000eae00000)
 ParOldGen       total 128000K, used 41057K [0x00000000a0000000, 0x00000000a7d00000, 0x00000000e0000000)
  object space 128000K, 32% used [0x00000000a0000000,0x00000000a2818630,0x00000000a7d00000)
 Metaspace       used 72002K, capacity 77438K, committed 77568K, reserved 1118208K
  class space    used 8968K, capacity 9670K, committed 9728K, reserved 1048576K
}
Event: 4663.163 GC heap before
{Heap before GC invocations=51 (full 3):
 PSYoungGen      total 139264K, used 112987K [0x00000000e0000000, 0x00000000eae00000, 0x0000000100000000)
  eden space 104960K, 99% used [0x00000000e0000000,0x00000000e667eef8,0x00000000e6680000)
  from space 34304K, 23% used [0x00000000e6680000,0x00000000e6e57f78,0x00000000e8800000)
  to   space 33280K, 0% used [0x00000000e8d80000,0x00000000e8d80000,0x00000000eae00000)
 ParOldGen       total 128000K, used 41057K [0x00000000a0000000, 0x00000000a7d00000, 0x00000000e0000000)
  object space 128000K, 32% used [0x00000000a0000000,0x00000000a2818630,0x00000000a7d00000)
 Metaspace       used 72028K, capacity 77438K, committed 77568K, reserved 1118208K
  class space    used 8968K, capacity 9670K, committed 9728K, reserved 1048576K

Deoptimization events (10 events):
Event: 4257.603 Thread 0x000000001cbc8800 Uncommon trap: reason=null_check action=make_not_entrant pc=0x00000000050d20dc method=java.lang.ThreadLocal$ThreadLocalMap.set(Ljava/lang/ThreadLocal;Ljava/lang/Object;)V @ 36
Event: 4258.089 Thread 0x0000000015d05000 Uncommon trap: reason=unstable_if action=reinterpret pc=0x00000000054f7824 method=java.util.BitSet.clone()Ljava/lang/Object; @ 4
Event: 4258.089 Thread 0x0000000015d05000 Uncommon trap: reason=unstable_if action=reinterpret pc=0x00000000046ea93c method=java.util.BitSet.clone()Ljava/lang/Object; @ 4
Event: 4258.090 Thread 0x0000000015d05000 Uncommon trap: reason=unstable_if action=reinterpret pc=0x00000000057cc58c method=com.android.dx.ssa.back.LivenessAnalyzer.coInterferePhis(Lcom/android/dx/ssa/SsaMethod;Lcom/android/dx/ssa/back/InterferenceGraph;)V @ 66
Event: 4258.090 Thread 0x0000000015d05000 Uncommon trap: reason=unstable_if action=reinterpret pc=0x000000000467175c method=java.util.BitSet.clone()Ljava/lang/Object; @ 4
Event: 4258.092 Thread 0x0000000015d05000 Uncommon trap: reason=unstable_if action=reinterpret pc=0x0000000003999920 method=com.android.dx.ssa.back.LivenessAnalyzer.coInterferePhis(Lcom/android/dx/ssa/SsaMethod;Lcom/android/dx/ssa/back/InterferenceGraph;)V @ 66
Event: 4258.092 Thread 0x0000000015d05000 Uncommon trap: reason=unstable_if action=reinterpret pc=0x0000000005475040 method=com.android.dx.dex.code.RopTranslator.pickOrder()V @ 347
Event: 4258.417 Thread 0x000000001cbc8800 Uncommon trap: reason=speculate_class_check action=maybe_recompile pc=0x00000000059c5cd8 method=com.sun.org.apache.xerces.internal.dom.CoreDocumentImpl.isKidOK(Lorg/w3c/dom/Node;Lorg/w3c/dom/Node;)Z @ 39
Event: 4661.693 Thread 0x000000001cbc8800 Uncommon trap: reason=null_check action=make_not_entrant pc=0x00000000028c12d8 method=java.lang.ThreadLocal$ThreadLocalMap.set(Ljava/lang/ThreadLocal;Ljava/lang/Object;)V @ 36
Event: 4662.280 Thread 0x000000001cbc8800 Uncommon trap: reason=speculate_class_check action=maybe_recompile pc=0x00000000052ab328 method=com.sun.tools.javac.code.Type.hasTag(Lcom/sun/tools/javac/code/TypeTag;)Z @ 2

Internal exceptions (10 events):
Event: 3852.592 Thread 0x000000001cbc5800 Exception <a 'java/lang/ClassNotFoundException': asLocalRepo13198_ase74x6dpou8ydvjevm99371dCustomizer> (0x00000000e0175b60) thrown at [C:\src\android\AOSP-openjdk\external\jetbrains\jdk\hotspot\src\share\vm\classfile\systemDictionary.cpp, line 210]
Event: 3853.678 Thread 0x000000001cbc5800 Implicit null exception at 0x0000000005c85f3e to 0x0000000005c8601d
Event: 3855.063 Thread 0x000000001cbc5800 Exception <a 'sun/nio/fs/WindowsException'> (0x00000000e5b41200) thrown at [C:\src\android\AOSP-openjdk\external\jetbrains\jdk\hotspot\src\share\vm\prims\jni.cpp, line 709]
Event: 4256.283 Thread 0x000000001cbc8800 Exception <a 'java/lang/ClassNotFoundException': asLocalRepo8040_4775hu3a2dvhjqw8wn1ir2t9dBeanInfo> (0x00000000e0730b40) thrown at [C:\src\android\AOSP-openjdk\external\jetbrains\jdk\hotspot\src\share\vm\classfile\systemDictionary.cpp, line 210]
Event: 4256.284 Thread 0x000000001cbc8800 Exception <a 'java/lang/ClassNotFoundException': asLocalRepo8040_4775hu3a2dvhjqw8wn1ir2t9dCustomizer> (0x00000000e073c170) thrown at [C:\src\android\AOSP-openjdk\external\jetbrains\jdk\hotspot\src\share\vm\classfile\systemDictionary.cpp, line 210]
Event: 4257.603 Thread 0x000000001cbc8800 Implicit null exception at 0x00000000050d0c99 to 0x00000000050d20a1
Event: 4258.461 Thread 0x000000001cbc8800 Exception <a 'sun/nio/fs/WindowsException'> (0x00000000e2d30d48) thrown at [C:\src\android\AOSP-openjdk\external\jetbrains\jdk\hotspot\src\share\vm\prims\jni.cpp, line 709]
Event: 4661.324 Thread 0x000000001cbc8800 Exception <a 'java/lang/ClassNotFoundException': asLocalRepo8908_4cj0ew52tnc7wvuliyfs3wfeyBeanInfo> (0x00000000e33697a8) thrown at [C:\src\android\AOSP-openjdk\external\jetbrains\jdk\hotspot\src\share\vm\classfile\systemDictionary.cpp, line 210]
Event: 4661.324 Thread 0x000000001cbc8800 Exception <a 'java/lang/ClassNotFoundException': asLocalRepo8908_4cj0ew52tnc7wvuliyfs3wfeyCustomizer> (0x00000000e3374dd8) thrown at [C:\src\android\AOSP-openjdk\external\jetbrains\jdk\hotspot\src\share\vm\classfile\systemDictionary.cpp, line 210]
Event: 4661.693 Thread 0x000000001cbc8800 Implicit null exception at 0x00000000028c0fd6 to 0x00000000028c12ad

Events (10 events):
Event: 4663.155 Executing VM operation: RevokeBias
Event: 4663.155 Executing VM operation: RevokeBias done
Event: 4663.155 Executing VM operation: RevokeBias
Event: 4663.155 Executing VM operation: RevokeBias done
Event: 4663.155 Executing VM operation: RevokeBias
Event: 4663.155 Executing VM operation: RevokeBias done
Event: 4663.156 Executing VM operation: RevokeBias
Event: 4663.156 Executing VM operation: RevokeBias done
Event: 4663.156 Thread 0x0000000015d05000 Thread added: 0x0000000015d05000
Event: 4663.163 Executing VM operation: ParallelGCFailedAllocation


Dynamic libraries:
0x00007ff666c30000 - 0x00007ff666c61000 	C:\Program Files\Android\Android Studio\jre\bin\java.exe
0x00007fff619e0000 - 0x00007fff61bb1000 	C:\Windows\SYSTEM32\ntdll.dll
0x00007fff5f390000 - 0x00007fff5f43c000 	C:\Windows\System32\KERNEL32.DLL
0x00007fff5ec50000 - 0x00007fff5ee6d000 	C:\Windows\System32\KERNELBASE.dll
0x00007fff5f0e0000 - 0x00007fff5f182000 	C:\Windows\System32\ADVAPI32.dll
0x00007fff61730000 - 0x00007fff617ce000 	C:\Windows\System32\msvcrt.dll
0x00007fff61980000 - 0x00007fff619d9000 	C:\Windows\System32\sechost.dll
0x00007fff617f0000 - 0x00007fff61911000 	C:\Windows\System32\RPCRT4.dll
0x00007fff61560000 - 0x00007fff616c5000 	C:\Windows\System32\USER32.dll
0x00007fff5dee0000 - 0x00007fff5defe000 	C:\Windows\System32\win32u.dll
0x00007fff60010000 - 0x00007fff60044000 	C:\Windows\System32\GDI32.dll
0x00007fff5e910000 - 0x00007fff5ea90000 	C:\Windows\System32\gdi32full.dll
0x00007fff59120000 - 0x00007fff5939a000 	C:\Windows\WinSxS\amd64_microsoft.windows.common-controls_6595b64144ccf1df_6.0.14393.953_none_42151e83c686086b\COMCTL32.dll
0x00007fff5fcd0000 - 0x00007fff5ff98000 	C:\Windows\System32\combase.dll
0x00007fff5ee70000 - 0x00007fff5ef65000 	C:\Windows\System32\ucrtbase.dll
0x00007fff5df50000 - 0x00007fff5dfba000 	C:\Windows\System32\bcryptPrimitives.dll
0x00007fff5f200000 - 0x00007fff5f22e000 	C:\Windows\System32\IMM32.DLL
0x0000000068b40000 - 0x0000000068c12000 	C:\Program Files\Android\Android Studio\jre\jre\bin\msvcr100.dll
0x0000000068d00000 - 0x000000006953c000 	C:\Program Files\Android\Android Studio\jre\jre\bin\server\jvm.dll
0x00007fff5f0d0000 - 0x00007fff5f0d8000 	C:\Windows\System32\PSAPI.DLL
0x00007fff4b330000 - 0x00007fff4b339000 	C:\Windows\SYSTEM32\WSOCK32.dll
0x00007fff5bca0000 - 0x00007fff5bcaa000 	C:\Windows\SYSTEM32\VERSION.dll
0x00007fff5b820000 - 0x00007fff5b843000 	C:\Windows\SYSTEM32\WINMM.dll
0x00007fff5ffa0000 - 0x00007fff6000a000 	C:\Windows\System32\WS2_32.dll
0x0000000000420000 - 0x000000000044b000 	C:\Windows\SYSTEM32\WINMMBASE.dll
0x00007fff5df00000 - 0x00007fff5df42000 	C:\Windows\System32\cfgmgr32.dll
0x00007fff5a970000 - 0x00007fff5a97f000 	C:\Program Files\Android\Android Studio\jre\jre\bin\verify.dll
0x00007fff489a0000 - 0x00007fff489c9000 	C:\Program Files\Android\Android Studio\jre\jre\bin\java.dll
0x00007fff49160000 - 0x00007fff49176000 	C:\Program Files\Android\Android Studio\jre\jre\bin\zip.dll
0x00007fff60050000 - 0x00007fff61558000 	C:\Windows\System32\SHELL32.dll
0x00007fff5dfc0000 - 0x00007fff5e69a000 	C:\Windows\System32\windows.storage.dll
0x00007fff5de80000 - 0x00007fff5decc000 	C:\Windows\System32\powrprof.dll
0x00007fff61920000 - 0x00007fff61972000 	C:\Windows\System32\shlwapi.dll
0x00007fff5de50000 - 0x00007fff5de5f000 	C:\Windows\System32\kernel.appcore.dll
0x00007fff5eba0000 - 0x00007fff5ec49000 	C:\Windows\System32\shcore.dll
0x00007fff5de60000 - 0x00007fff5de74000 	C:\Windows\System32\profapi.dll
0x00007fff48d60000 - 0x00007fff48d7a000 	C:\Program Files\Android\Android Studio\jre\jre\bin\net.dll
0x00007fff5d4a0000 - 0x00007fff5d4fc000 	C:\Windows\system32\mswsock.dll
0x00007fff48d20000 - 0x00007fff48d31000 	C:\Program Files\Android\Android Studio\jre\jre\bin\nio.dll
0x00007fff3eb70000 - 0x00007fff3eb8e000 	C:\Users\Pavel\.gradle\native\23\windows-amd64\native-platform.dll
0x00007fff5da90000 - 0x00007fff5daa7000 	C:\Windows\SYSTEM32\CRYPTSP.dll
0x00007fff5d080000 - 0x00007fff5d0b3000 	C:\Windows\system32\rsaenh.dll
0x00007fff5da60000 - 0x00007fff5da8b000 	C:\Windows\SYSTEM32\bcrypt.dll
0x00007fff5d300000 - 0x00007fff5d31f000 	C:\Windows\SYSTEM32\USERENV.dll
0x00007fff5d6d0000 - 0x00007fff5d6db000 	C:\Windows\SYSTEM32\CRYPTBASE.dll
0x00007fff5d200000 - 0x00007fff5d238000 	C:\Windows\SYSTEM32\IPHLPAPI.DLL
0x00007fff617d0000 - 0x00007fff617d8000 	C:\Windows\System32\NSI.dll
0x00007fff56540000 - 0x00007fff56556000 	C:\Windows\SYSTEM32\dhcpcsvc6.DLL
0x00007fff56520000 - 0x00007fff5653a000 	C:\Windows\SYSTEM32\dhcpcsvc.DLL
0x00007fff57e00000 - 0x00007fff57e0d000 	C:\Program Files\Android\Android Studio\jre\jre\bin\management.dll
0x00007fff3f010000 - 0x00007fff3f034000 	C:\Program Files\Android\Android Studio\jre\jre\bin\sunec.dll
0x00007fff50710000 - 0x00007fff5071b000 	C:\Program Files\Android\Android Studio\jre\jre\bin\sunmscapi.dll
0x00007fff5e6a0000 - 0x00007fff5e869000 	C:\Windows\System32\CRYPT32.dll
0x00007fff5ded0000 - 0x00007fff5dee0000 	C:\Windows\System32\MSASN1.dll
0x00007fff3f3c0000 - 0x00007fff3f552000 	C:\Windows\SYSTEM32\dbghelp.dll

VM Arguments:
jvm_args: -Xmx1536m -Dfile.encoding=windows-1251 -Duser.country=RU -Duser.language=ru -Duser.variant 
java_command: org.gradle.launcher.daemon.bootstrap.GradleDaemon 3.3
java_class_path (initial): C:\Users\Pavel\.gradle\wrapper\dists\gradle-3.3-all\55gk2rcmfc6p2dg9u9ohc3hw9\gradle-3.3\lib\gradle-launcher-3.3.jar
Launcher Type: SUN_STANDARD

Environment Variables:
JAVA_HOME=C:\Program Files\Java\jdk1.8.0_121
PATH=C:\ProgramData\Oracle\Java\javapath;C:\ProgramData\Oracle\Java\javapath\jdk1.8.0_121;C:\Program Files (x86)\NVIDIA Corporation\PhysX\Common;C:\Windows\system32;C:\Windows;C:\Windows\System32\Wbem;C:\Windows\System32\WindowsPowerShell\v1.0\;C:\Program Files (x86)\QuickTime\QTSystem\;C:\Program Files\Git\cmd;C:\Users\Pavel\AppData\Local\Microsoft\WindowsApps;C:\Program Files\Java\jdk1.8.0_121\bin
USERNAME=Pavel
OS=Windows_NT
PROCESSOR_IDENTIFIER=AMD64 Family 16 Model 4 Stepping 3, AuthenticAMD



---------------  S Y S T E M  ---------------

OS: Windows 10.0 , 64 bit Build 14393 (10.0.14393.1198)

CPU:total 4 (4 cores per cpu, 1 threads per core) family 16 model 4 stepping 3, cmov, cx8, fxsr, mmx, sse, sse2, sse3, popcnt, mmxext, 3dnowpref, lzcnt, sse4a, tsc, tscinvbit, tscinv

Memory: 4k page, physical 6290676k(1278756k free), swap 12688700k(3318096k free)

vm_info: OpenJDK 64-Bit Server VM (25.112-b06) for windows-amd64 JRE (1.8.0_112-release-b06), built on Dec  8 2016 00:54:26 by "builder" with MS VC++ 10.0 (VS2010)

time: Tue Jul 18 19:30:08 2017
elapsed time: 4663 seconds (0d 1h 17m 43s)

