#
# A fatal error has been detected by the Java Runtime Environment:
#
#  EXCEPTION_ACCESS_VIOLATION (0xc0000005) at pc=0x00000000691a127b, pid=3772, tid=0x00000000000006a0
#
# JRE version: OpenJDK Runtime Environment (8.0_112-b06) (build 1.8.0_112-release-b06)
# Java VM: OpenJDK 64-Bit Server VM (25.112-b06 mixed mode windows-amd64 compressed oops)
# Problematic frame:
# V  [jvm.dll+0x4a127b]
#
# Failed to write core dump. Minidumps are not enabled by default on client versions of Windows
#
# If you would like to submit a bug report, please visit:
#   http://bugreport.java.com/bugreport/crash.jsp
#

---------------  T H R E A D  ---------------

Current thread (0x00000000167be000):  JavaThread "C2 CompilerThread0" daemon [_thread_in_native, id=1696, stack(0x0000000017e10000,0x0000000017f10000)]

siginfo: ExceptionCode=0xc0000005, reading address 0xffffffffffffffff

Registers:
RAX=0x0000000000000001, RBX=0x0000000000000001, RCX=0x000000001ca169a0, RDX=0x000000006914db58
RSP=0x0000000017f0be30, RBP=0x0000000000000008, RSI=0x000000001ca16918, RDI=0x0000000000000001
R8 =0x0000000000000002, R9 =0x0000000000000001, R10=0x0000000000000000, R11=0x0000000000000001
R12=0x0000000017f0c270, R13=0x00000000167d6170, R14=0x0000000068d00000, R15=0x0000000000000001
RIP=0x00000000691a127b, EFLAGS=0x0000000000010202

Top of Stack: (sp=0x0000000017f0be30)
0x0000000017f0be30:   000000001b92de58 000000001b92de58
0x0000000017f0be40:   00000000205a60b0 00000000205a50d8
0x0000000017f0be50:   000000001ca16918 000000006912fa77
0x0000000017f0be60:   ffffffffffffffff 000000001d105840
0x0000000017f0be70:   0000000000000003 ffffffffffffffff
0x0000000017f0be80:   00000003000002a2 000000001d105840
0x0000000017f0be90:   0000000000000008 00000000000002a2
0x0000000017f0bea0:   0000000000000000 0000000000000000
0x0000000017f0beb0:   0000000017f0bf80 00000000000003d8
0x0000000017f0bec0:   00000000205a50d8 00000000205a4d00
0x0000000017f0bed0:   0000000017f0c000 0000000000000000
0x0000000017f0bee0:   0000000017f0c270 00000000205a4cf0
0x0000000017f0bef0:   0000000017f0c380 0000000069132963
0x0000000017f0bf00:   0000000017f0c270 0000000017f0c001
0x0000000017f0bf10:   0000000000000002 0000000000000001
0x0000000017f0bf20:   0000000000000002 00000000205a4cf0 

Instructions: (pc=0x00000000691a127b)
0x00000000691a125b:   32 48 89 6c 24 30 ff cb bd 08 00 00 00 0f 1f 84
0x00000000691a126b:   00 00 00 00 00 48 8b 4e 38 48 8b 0c 29 48 8b 11
0x00000000691a127b:   ff 52 08 48 83 c5 08 03 f8 48 ff cb 75 e7 48 8b
0x00000000691a128b:   6c 24 30 48 8b 5c 24 40 8b c7 48 8b 7c 24 38 48 


Register to memory mapping:

RAX=0x0000000000000001 is an unknown value
RBX=0x0000000000000001 is an unknown value
RCX=0x000000001ca169a0 is an unknown value
RDX=0x000000006914db58 is an unknown value
RSP=0x0000000017f0be30 is pointing into the stack for thread: 0x00000000167be000
RBP=0x0000000000000008 is an unknown value
RSI=0x000000001ca16918 is an unknown value
RDI=0x0000000000000001 is an unknown value
R8 =0x0000000000000002 is an unknown value
R9 =0x0000000000000001 is an unknown value
R10=0x0000000000000000 is an unknown value
R11=0x0000000000000001 is an unknown value
R12=0x0000000017f0c270 is pointing into the stack for thread: 0x00000000167be000
R13=0x00000000167d6170 is an unknown value
R14=0x0000000068d00000 is an unknown value
R15=0x0000000000000001 is an unknown value


Stack: [0x0000000017e10000,0x0000000017f10000],  sp=0x0000000017f0be30,  free space=1007k
Native frames: (J=compiled Java code, j=interpreted, Vv=VM code, C=native code)
V  [jvm.dll+0x4a127b]
V  [jvm.dll+0x42fa77]
V  [jvm.dll+0x432963]
V  [jvm.dll+0x43d6bb]
V  [jvm.dll+0x43ff8e]
V  [jvm.dll+0x423242]
V  [jvm.dll+0x80b29]
V  [jvm.dll+0x8145f]
V  [jvm.dll+0x21be7f]
V  [jvm.dll+0x26c13a]
C  [msvcr100.dll+0x21d9f]
C  [msvcr100.dll+0x21e3b]
C  [KERNEL32.DLL+0x8364]
C  [ntdll.dll+0x670d1]


Current CompileTask:
C2:2363030 13174       4       org.gradle.internal.component.external.model.AbstractModuleComponentResolveMetadata::populateConfigurationFromDescriptor (270 bytes)


---------------  P R O C E S S  ---------------

Java Threads: ( => current thread )
  0x000000001b682000 JavaThread "Cache update executor" [_thread_blocked, id=6636, stack(0x0000000024bb0000,0x0000000024cb0000)]
  0x000000001b67c800 JavaThread "Stdin handler" [_thread_blocked, id=2196, stack(0x0000000024ab0000,0x0000000024bb0000)]
  0x000000001b678000 JavaThread "Asynchronous log dispatcher for DefaultDaemonConnection: socket connection from /127.0.0.1:64991 to /127.0.0.1:49954" [_thread_blocked, id=8392, stack(0x00000000249b0000,0x0000000024ab0000)]
  0x000000001b679000 JavaThread "Daemon worker Thread 3" [_thread_in_Java, id=3612, stack(0x00000000248b0000,0x00000000249b0000)]
  0x000000001b67f000 JavaThread "Cancel handler" [_thread_blocked, id=10924, stack(0x00000000247b0000,0x00000000248b0000)]
  0x000000001b67b000 JavaThread "Handler for socket connection from /127.0.0.1:64991 to /127.0.0.1:49954" [_thread_in_native, id=7524, stack(0x00000000246b0000,0x00000000247b0000)]
  0x000000001b67a800 JavaThread "Daemon Thread 3" [_thread_blocked, id=2116, stack(0x00000000245b0000,0x00000000246b0000)]
  0x000000001b67e000 JavaThread "pool-6-thread-1" [_thread_blocked, id=9004, stack(0x00000000233b0000,0x00000000234b0000)]
  0x000000001b40f000 JavaThread "File lock request listener" [_thread_in_native, id=5712, stack(0x000000001c250000,0x000000001c350000)]
  0x0000000019516800 JavaThread "pool-1-thread-1" [_thread_blocked, id=6228, stack(0x000000001aa60000,0x000000001ab60000)]
  0x0000000019807000 JavaThread "Incoming local TCP Connector on port 64991" [_thread_in_native, id=8256, stack(0x000000001a420000,0x000000001a520000)]
  0x000000001681e800 JavaThread "Service Thread" daemon [_thread_blocked, id=4364, stack(0x0000000018510000,0x0000000018610000)]
  0x00000000167ca000 JavaThread "C1 CompilerThread2" daemon [_thread_blocked, id=9340, stack(0x0000000018010000,0x0000000018110000)]
  0x00000000167c1800 JavaThread "C2 CompilerThread1" daemon [_thread_blocked, id=7860, stack(0x0000000017f10000,0x0000000018010000)]
=>0x00000000167be000 JavaThread "C2 CompilerThread0" daemon [_thread_in_native, id=1696, stack(0x0000000017e10000,0x0000000017f10000)]
  0x00000000167bc800 JavaThread "Attach Listener" daemon [_thread_blocked, id=9808, stack(0x0000000017d10000,0x0000000017e10000)]
  0x00000000167bb800 JavaThread "Signal Dispatcher" daemon [_thread_blocked, id=6460, stack(0x0000000017c10000,0x0000000017d10000)]
  0x0000000002e4b000 JavaThread "Finalizer" daemon [_thread_blocked, id=5628, stack(0x0000000017a20000,0x0000000017b20000)]
  0x0000000016787000 JavaThread "Reference Handler" daemon [_thread_blocked, id=11812, stack(0x0000000017920000,0x0000000017a20000)]
  0x0000000002d50800 JavaThread "main" [_thread_blocked, id=11704, stack(0x0000000002c40000,0x0000000002d40000)]

Other Threads:
  0x0000000016784800 VMThread [stack: 0x0000000017820000,0x0000000017920000] [id=10412]
  0x000000001813c800 WatcherThread [stack: 0x0000000018610000,0x0000000018710000] [id=1980]

VM state:not at safepoint (normal execution)

VM Mutex/Monitor currently owned by a thread: None

Heap:
 PSYoungGen      total 150528K, used 107900K [0x00000000e0000000, 0x00000000ec780000, 0x0000000100000000)
  eden space 133120K, 68% used [0x00000000e0000000,0x00000000e58c22d0,0x00000000e8200000)
  from space 17408K, 97% used [0x00000000eb680000,0x00000000ec71ce68,0x00000000ec780000)
  to   space 27136K, 0% used [0x00000000e9280000,0x00000000e9280000,0x00000000ead00000)
 ParOldGen       total 132608K, used 48548K [0x00000000a0000000, 0x00000000a8180000, 0x00000000e0000000)
  object space 132608K, 36% used [0x00000000a0000000,0x00000000a2f693b0,0x00000000a8180000)
 Metaspace       used 70192K, capacity 73138K, committed 73304K, reserved 1112064K
  class space    used 9176K, capacity 9756K, committed 9816K, reserved 1048576K

Card table byte_map: [0x0000000012210000,0x0000000012520000] byte_map_base: 0x0000000011d10000

Marking Bits: (ParMarkBitMap*) 0x00000000694c18f0
 Begin Bits: [0x0000000012b20000, 0x0000000014320000)
 End Bits:   [0x0000000014320000, 0x0000000015b20000)

Polling page: 0x0000000001000000

CodeCache: size=245760Kb used=38479Kb max_used=38741Kb free=207280Kb
 bounds [0x0000000002e50000, 0x0000000005470000, 0x0000000011e50000]
 total_blobs=12020 nmethods=11230 adapters=703
 compilation: enabled

Compilation events (10 events):
Event: 2362.398 Thread 0x00000000167ca000 13447       3       com.google.common.collect.HashMultimap::containsEntry (7 bytes)
Event: 2362.399 Thread 0x00000000167ca000 nmethod 13447 0x0000000005456010 code [0x00000000054561e0, 0x0000000005456928]
Event: 2362.399 Thread 0x00000000167ca000 13448       1       org.gradle.execution.taskgraph.TaskInfo::getMustSuccessors (5 bytes)
Event: 2362.399 Thread 0x00000000167ca000 nmethod 13448 0x0000000004e33350 code [0x0000000004e334a0, 0x0000000004e335b0]
Event: 2362.399 Thread 0x00000000167ca000 13453       3       java.lang.ClassLoader$2::hasMoreElements (10 bytes)
Event: 2362.399 Thread 0x00000000167ca000 nmethod 13453 0x0000000005455bd0 code [0x0000000005455d40, 0x0000000005455f68]
Event: 2362.399 Thread 0x00000000167ca000 13454       3       com.google.common.hash.HashCode::decode (68 bytes)
Event: 2362.400 Thread 0x00000000167ca000 nmethod 13454 0x00000000054545d0 code [0x0000000005454800, 0x00000000054554a8]
Event: 2362.404 Thread 0x00000000167ca000 13455       1       org.gradle.cache.PersistentIndexedCacheParameters::getCacheName (5 bytes)
Event: 2362.404 Thread 0x00000000167ca000 nmethod 13455 0x0000000005454310 code [0x0000000005454460, 0x0000000005454570]

GC Heap History (10 events):
Event: 29.284 GC heap before
{Heap before GC invocations=19 (full 2):
 PSYoungGen      total 134144K, used 111919K [0x00000000e0000000, 0x00000000ea480000, 0x0000000100000000)
  eden space 114688K, 80% used [0x00000000e0000000,0x00000000e5a4bda0,0x00000000e7000000)
  from space 19456K, 100% used [0x00000000e8880000,0x00000000e9b80000,0x00000000e9b80000)
  to   space 25088K, 0% used [0x00000000e7000000,0x00000000e7000000,0x00000000e8880000)
 ParOldGen       total 80896K, used 32118K [0x00000000a0000000, 0x00000000a4f00000, 0x00000000e0000000)
  object space 80896K, 39% used [0x00000000a0000000,0x00000000a1f5da78,0x00000000a4f00000)
 Metaspace       used 56641K, capacity 58960K, committed 59028K, reserved 1099776K
  class space    used 7669K, capacity 8151K, committed 8152K, reserved 1048576K
Event: 29.318 GC heap after
Heap after GC invocations=19 (full 2):
 PSYoungGen      total 139776K, used 22792K [0x00000000e0000000, 0x00000000ec180000, 0x0000000100000000)
  eden space 114688K, 0% used [0x00000000e0000000,0x00000000e0000000,0x00000000e7000000)
  from space 25088K, 90% used [0x00000000e7000000,0x00000000e86423c8,0x00000000e8880000)
  to   space 28160K, 0% used [0x00000000ea600000,0x00000000ea600000,0x00000000ec180000)
 ParOldGen       total 80896K, used 35942K [0x00000000a0000000, 0x00000000a4f00000, 0x00000000e0000000)
  object space 80896K, 44% used [0x00000000a0000000,0x00000000a2319a78,0x00000000a4f00000)
 Metaspace       used 56641K, capacity 58960K, committed 59028K, reserved 1099776K
  class space    used 7669K, capacity 8151K, committed 8152K, reserved 1048576K
}
Event: 29.318 GC heap before
{Heap before GC invocations=20 (full 3):
 PSYoungGen      total 139776K, used 22792K [0x00000000e0000000, 0x00000000ec180000, 0x0000000100000000)
  eden space 114688K, 0% used [0x00000000e0000000,0x00000000e0000000,0x00000000e7000000)
  from space 25088K, 90% used [0x00000000e7000000,0x00000000e86423c8,0x00000000e8880000)
  to   space 28160K, 0% used [0x00000000ea600000,0x00000000ea600000,0x00000000ec180000)
 ParOldGen       total 80896K, used 35942K [0x00000000a0000000, 0x00000000a4f00000, 0x00000000e0000000)
  object space 80896K, 44% used [0x00000000a0000000,0x00000000a2319a78,0x00000000a4f00000)
 Metaspace       used 56641K, capacity 58960K, committed 59028K, reserved 1099776K
  class space    used 7669K, capacity 8151K, committed 8152K, reserved 1048576K
Event: 29.556 GC heap after
Heap after GC invocations=20 (full 3):
 PSYoungGen      total 139776K, used 0K [0x00000000e0000000, 0x00000000ec180000, 0x0000000100000000)
  eden space 114688K, 0% used [0x00000000e0000000,0x00000000e0000000,0x00000000e7000000)
  from space 25088K, 0% used [0x00000000e7000000,0x00000000e7000000,0x00000000e8880000)
  to   space 28160K, 0% used [0x00000000ea600000,0x00000000ea600000,0x00000000ec180000)
 ParOldGen       total 132608K, used 48524K [0x00000000a0000000, 0x00000000a8180000, 0x00000000e0000000)
  object space 132608K, 36% used [0x00000000a0000000,0x00000000a2f633b0,0x00000000a8180000)
 Metaspace       used 56641K, capacity 58960K, committed 59028K, reserved 1099776K
  class space    used 7669K, capacity 8151K, committed 8152K, reserved 1048576K
}
Event: 2050.053 GC heap before
{Heap before GC invocations=21 (full 3):
 PSYoungGen      total 139776K, used 114688K [0x00000000e0000000, 0x00000000ec180000, 0x0000000100000000)
  eden space 114688K, 100% used [0x00000000e0000000,0x00000000e7000000,0x00000000e7000000)
  from space 25088K, 0% used [0x00000000e7000000,0x00000000e7000000,0x00000000e8880000)
  to   space 28160K, 0% used [0x00000000ea600000,0x00000000ea600000,0x00000000ec180000)
 ParOldGen       total 132608K, used 48524K [0x00000000a0000000, 0x00000000a8180000, 0x00000000e0000000)
  object space 132608K, 36% used [0x00000000a0000000,0x00000000a2f633b0,0x00000000a8180000)
 Metaspace       used 58139K, capacity 60674K, committed 60888K, reserved 1101824K
  class space    used 7847K, capacity 8366K, committed 8408K, reserved 1048576K
Event: 2050.099 GC heap after
Heap after GC invocations=21 (full 3):
 PSYoungGen      total 159744K, used 4641K [0x00000000e0000000, 0x00000000ebc00000, 0x0000000100000000)
  eden space 137216K, 0% used [0x00000000e0000000,0x00000000e0000000,0x00000000e8600000)
  from space 22528K, 20% used [0x00000000ea600000,0x00000000eaa884e0,0x00000000ebc00000)
  to   space 27648K, 0% used [0x00000000e8600000,0x00000000e8600000,0x00000000ea100000)
 ParOldGen       total 132608K, used 48532K [0x00000000a0000000, 0x00000000a8180000, 0x00000000e0000000)
  object space 132608K, 36% used [0x00000000a0000000,0x00000000a2f653b0,0x00000000a8180000)
 Metaspace       used 58139K, capacity 60674K, committed 60888K, reserved 1101824K
  class space    used 7847K, capacity 8366K, committed 8408K, reserved 1048576K
}
Event: 2072.197 GC heap before
{Heap before GC invocations=22 (full 3):
 PSYoungGen      total 159744K, used 141857K [0x00000000e0000000, 0x00000000ebc00000, 0x0000000100000000)
  eden space 137216K, 100% used [0x00000000e0000000,0x00000000e8600000,0x00000000e8600000)
  from space 22528K, 20% used [0x00000000ea600000,0x00000000eaa884e0,0x00000000ebc00000)
  to   space 27648K, 0% used [0x00000000e8600000,0x00000000e8600000,0x00000000ea100000)
 ParOldGen       total 132608K, used 48532K [0x00000000a0000000, 0x00000000a8180000, 0x00000000e0000000)
  object space 132608K, 36% used [0x00000000a0000000,0x00000000a2f653b0,0x00000000a8180000)
 Metaspace       used 64180K, capacity 66924K, committed 67288K, reserved 1107968K
  class space    used 8535K, capacity 9067K, committed 9176K, reserved 1048576K
Event: 2072.218 GC heap after
Heap after GC invocations=22 (full 3):
 PSYoungGen      total 164864K, used 9979K [0x00000000e0000000, 0x00000000ed000000, 0x0000000100000000)
  eden space 137216K, 0% used [0x00000000e0000000,0x00000000e0000000,0x00000000e8600000)
  from space 27648K, 36% used [0x00000000e8600000,0x00000000e8fbec60,0x00000000ea100000)
  to   space 26112K, 0% used [0x00000000eb680000,0x00000000eb680000,0x00000000ed000000)
 ParOldGen       total 132608K, used 48540K [0x00000000a0000000, 0x00000000a8180000, 0x00000000e0000000)
  object space 132608K, 36% used [0x00000000a0000000,0x00000000a2f673b0,0x00000000a8180000)
 Metaspace       used 64180K, capacity 66924K, committed 67288K, reserved 1107968K
  class space    used 8535K, capacity 9067K, committed 9176K, reserved 1048576K
}
Event: 2088.831 GC heap before
{Heap before GC invocations=23 (full 3):
 PSYoungGen      total 164864K, used 147195K [0x00000000e0000000, 0x00000000ed000000, 0x0000000100000000)
  eden space 137216K, 100% used [0x00000000e0000000,0x00000000e8600000,0x00000000e8600000)
  from space 27648K, 36% used [0x00000000e8600000,0x00000000e8fbec60,0x00000000ea100000)
  to   space 26112K, 0% used [0x00000000eb680000,0x00000000eb680000,0x00000000ed000000)
 ParOldGen       total 132608K, used 48540K [0x00000000a0000000, 0x00000000a8180000, 0x00000000e0000000)
  object space 132608K, 36% used [0x00000000a0000000,0x00000000a2f673b0,0x00000000a8180000)
 Metaspace       used 69235K, capacity 72076K, committed 72152K, reserved 1112064K
  class space    used 9070K, capacity 9623K, committed 9688K, reserved 1048576K
Event: 2088.850 GC heap after
Heap after GC invocations=23 (full 3):
 PSYoungGen      total 150528K, used 17011K [0x00000000e0000000, 0x00000000ec780000, 0x0000000100000000)
  eden space 133120K, 0% used [0x00000000e0000000,0x00000000e0000000,0x00000000e8200000)
  from space 17408K, 97% used [0x00000000eb680000,0x00000000ec71ce68,0x00000000ec780000)
  to   space 27136K, 0% used [0x00000000e9280000,0x00000000e9280000,0x00000000ead00000)
 ParOldGen       total 132608K, used 48548K [0x00000000a0000000, 0x00000000a8180000, 0x00000000e0000000)
  object space 132608K, 36% used [0x00000000a0000000,0x00000000a2f693b0,0x00000000a8180000)
 Metaspace       used 69235K, capacity 72076K, committed 72152K, reserved 1112064K
  class space    used 9070K, capacity 9623K, committed 9688K, reserved 1048576K
}

Deoptimization events (10 events):
Event: 2088.737 Thread 0x000000001b67f800 Uncommon trap: reason=class_check action=maybe_recompile pc=0x00000000039d09a8 method=java.util.concurrent.LinkedBlockingDeque.pollFirst(JLjava/util/concurrent/TimeUnit;)Ljava/lang/Object; @ 2
Event: 2088.738 Thread 0x000000001b67f800 Uncommon trap: reason=class_check action=maybe_recompile pc=0x00000000039d09a8 method=java.util.concurrent.LinkedBlockingDeque.pollFirst(JLjava/util/concurrent/TimeUnit;)Ljava/lang/Object; @ 2
Event: 2088.859 Thread 0x000000001b678000 Uncommon trap: reason=bimorphic action=maybe_recompile pc=0x0000000002f72838 method=java.util.AbstractList$Itr.next()Ljava/lang/Object; @ 14
Event: 2089.010 Thread 0x000000001b678000 Uncommon trap: reason=bimorphic action=maybe_recompile pc=0x000000000360a758 method=java.security.MessageDigest$Delegate.engineUpdate([BII)V @ 7
Event: 2089.018 Thread 0x000000001b678000 Uncommon trap: reason=bimorphic action=maybe_recompile pc=0x0000000002f72838 method=java.util.AbstractList$Itr.next()Ljava/lang/Object; @ 14
Event: 2089.402 Thread 0x000000001b5b9800 Uncommon trap: reason=class_check action=maybe_recompile pc=0x00000000039292cc method=org.gradle.internal.serialize.AbstractEncoder$EncoderStream.write([BII)V @ 7
Event: 2362.273 Thread 0x000000001b679000 Uncommon trap: reason=class_check action=maybe_recompile pc=0x0000000004e9688c method=org.gradle.api.internal.project.taskfactory.DefaultTaskClassValidatorExtractor$DefaultTaskPropertyActionContext.getAnnotation(Ljava/lang/Class;)Ljava/lang/annotation/Annosbh“ãt¢@
Event: 2362.273 Thread 0x000000001b679000 Uncommon trap: reason=class_check action=maybe_recompile pc=0x0000000004e9688c method=org.gradle.api.internal.project.taskfactory.DefaultTaskClassValidatorExtractor$DefaultTaskPropertyActionContext.getAnnotation(Ljava/lang/Class;)Ljava/lang/annotation/Anno‰˘é’ãt¢@
Event: 2362.273 Thread 0x000000001b679000 Uncommon trap: reason=class_check action=maybe_recompile pc=0x0000000004e9688c method=org.gradle.api.internal.project.taskfactory.DefaultTaskClassValidatorExtractor$DefaultTaskPropertyActionContext.getAnnotation(Ljava/lang/Class;)Ljava/lang/annotation/Annotg'çt¢@
Event: 2362.276 Thread 0x000000001b679000 Uncommon trap: reason=class_check action=maybe_recompile pc=0x0000000004e9688c method=org.gradle.api.internal.project.taskfactory.DefaultTaskClassValidatorExtractor$DefaultTaskPropertyActionContext.getAnnotation(Ljava/lang/Class;)Ljava/lang/annotation/AnnohÀyQ†@

Internal exceptions (10 events):
Event: 2050.359 Thread 0x000000001b5b6000 Implicit null exception at 0x0000000002f9ce53 to 0x0000000002f9d169
Event: 2050.764 Thread 0x000000001b5b6000 Implicit null exception at 0x0000000003a036b7 to 0x0000000003a03d81
Event: 2073.261 Thread 0x000000001b5b6000 Implicit null exception at 0x000000000470f5cf to 0x000000000470fc1d
Event: 2074.207 Thread 0x000000001b5b6000 Implicit null exception at 0x0000000003bc0dbc to 0x0000000003bc1341
Event: 2074.208 Thread 0x000000001b5b6000 Implicit null exception at 0x00000000035a2fc0 to 0x00000000035a342d
Event: 2076.692 Thread 0x000000001b67a800 Exception <a 'java/lang/NoSuchMethodError': <clinit>> (0x00000000e10922d0) thrown at [C:\src\android\AOSP-openjdk\external\jetbrains\jdk\hotspot\src\share\vm\prims\jni.cpp, line 1613]
Event: 2086.760 Thread 0x000000001b678000 Implicit null exception at 0x0000000004d3dcdc to 0x0000000004d3f1a1
Event: 2089.364 Thread 0x000000001b5b6000 Exception <a 'sun/nio/fs/WindowsException'> (0x00000000e10e1c90) thrown at [C:\src\android\AOSP-openjdk\external\jetbrains\jdk\hotspot\src\share\vm\prims\jni.cpp, line 709]
Event: 2361.461 Thread 0x000000001b679000 Exception <a 'java/lang/ClassNotFoundException': asLocalRepo1638_4nwsbgkx3850xwhx0xi7i5tpfBeanInfo> (0x00000000e1843e58) thrown at [C:\src\android\AOSP-openjdk\external\jetbrains\jdk\hotspot\src\share\vm\classfile\systemDictionary.cpp, line 210]
Event: 2361.462 Thread 0x000000001b679000 Exception <a 'java/lang/ClassNotFoundException': asLocalRepo1638_4nwsbgkx3850xwhx0xi7i5tpfCustomizer> (0x00000000e184f488) thrown at [C:\src\android\AOSP-openjdk\external\jetbrains\jdk\hotspot\src\share\vm\classfile\systemDictionary.cpp, line 210]

Events (10 events):
Event: 2362.273 Thread 0x000000001b679000 DEOPT UNPACKING pc=0x0000000002e9556a sp=0x00000000249abea8 mode 2
Event: 2362.273 Thread 0x000000001b679000 Uncommon trap: trap_request=0xffffffde fr.pc=0x0000000004e9688c
Event: 2362.273 Thread 0x000000001b679000 DEOPT PACKING pc=0x0000000004e9688c sp=0x00000000249abf00
Event: 2362.273 Thread 0x000000001b679000 DEOPT UNPACKING pc=0x0000000002e9556a sp=0x00000000249abea8 mode 2
Event: 2362.276 Thread 0x000000001b679000 Uncommon trap: trap_request=0xffffffde fr.pc=0x0000000004e9688c
Event: 2362.276 Thread 0x000000001b679000 DEOPT PACKING pc=0x0000000004e9688c sp=0x00000000249ab800
Event: 2362.276 Thread 0x000000001b679000 DEOPT UNPACKING pc=0x0000000002e9556a sp=0x00000000249ab7a8 mode 2
Event: 2362.403 Thread 0x000000001b682000 Thread added: 0x000000001b682000
Event: 2362.406 Thread 0x000000001b679000 DEOPT PACKING pc=0x000000000539d59b sp=0x00000000249ab530
Event: 2362.406 Thread 0x000000001b679000 DEOPT UNPACKING pc=0x0000000002e971bf sp=0x00000000249ab330 mode 0


Dynamic libraries:
0x00007ff666c30000 - 0x00007ff666c61000 	C:\Program Files\Android\Android Studio\jre\bin\java.exe
0x00007fff619e0000 - 0x00007fff61bb1000 	C:\Windows\SYSTEM32\ntdll.dll
0x00007fff5f390000 - 0x00007fff5f43c000 	C:\Windows\System32\KERNEL32.DLL
0x00007fff5ec50000 - 0x00007fff5ee6d000 	C:\Windows\System32\KERNELBASE.dll
0x00007fff5f0e0000 - 0x00007fff5f182000 	C:\Windows\System32\ADVAPI32.dll
0x00007fff61730000 - 0x00007fff617ce000 	C:\Windows\System32\msvcrt.dll
0x00007fff61980000 - 0x00007fff619d9000 	C:\Windows\System32\sechost.dll
0x00007fff617f0000 - 0x00007fff61911000 	C:\Windows\System32\RPCRT4.dll
0x00007fff61560000 - 0x00007fff616c5000 	C:\Windows\System32\USER32.dll
0x00007fff5dee0000 - 0x00007fff5defe000 	C:\Windows\System32\win32u.dll
0x00007fff60010000 - 0x00007fff60044000 	C:\Windows\System32\GDI32.dll
0x00007fff5e910000 - 0x00007fff5ea90000 	C:\Windows\System32\gdi32full.dll
0x00007fff59120000 - 0x00007fff5939a000 	C:\Windows\WinSxS\amd64_microsoft.windows.common-controls_6595b64144ccf1df_6.0.14393.953_none_42151e83c686086b\COMCTL32.dll
0x00007fff5fcd0000 - 0x00007fff5ff98000 	C:\Windows\System32\combase.dll
0x00007fff5ee70000 - 0x00007fff5ef65000 	C:\Windows\System32\ucrtbase.dll
0x00007fff5df50000 - 0x00007fff5dfba000 	C:\Windows\System32\bcryptPrimitives.dll
0x00007fff5f200000 - 0x00007fff5f22e000 	C:\Windows\System32\IMM32.DLL
0x0000000068b40000 - 0x0000000068c12000 	C:\Program Files\Android\Android Studio\jre\jre\bin\msvcr100.dll
0x0000000068d00000 - 0x000000006953c000 	C:\Program Files\Android\Android Studio\jre\jre\bin\server\jvm.dll
0x00007fff5f0d0000 - 0x00007fff5f0d8000 	C:\Windows\System32\PSAPI.DLL
0x00007fff5b820000 - 0x00007fff5b843000 	C:\Windows\SYSTEM32\WINMM.dll
0x00007fff4b330000 - 0x00007fff4b339000 	C:\Windows\SYSTEM32\WSOCK32.dll
0x00007fff5bca0000 - 0x00007fff5bcaa000 	C:\Windows\SYSTEM32\VERSION.dll
0x00007fff5ffa0000 - 0x00007fff6000a000 	C:\Windows\System32\WS2_32.dll
0x00007fff5b7c0000 - 0x00007fff5b7eb000 	C:\Windows\SYSTEM32\WINMMBASE.dll
0x00007fff5df00000 - 0x00007fff5df42000 	C:\Windows\System32\cfgmgr32.dll
0x00007fff5a970000 - 0x00007fff5a97f000 	C:\Program Files\Android\Android Studio\jre\jre\bin\verify.dll
0x00007fff489a0000 - 0x00007fff489c9000 	C:\Program Files\Android\Android Studio\jre\jre\bin\java.dll
0x00007fff49160000 - 0x00007fff49176000 	C:\Program Files\Android\Android Studio\jre\jre\bin\zip.dll
0x00007fff60050000 - 0x00007fff61558000 	C:\Windows\System32\SHELL32.dll
0x00007fff5dfc0000 - 0x00007fff5e69a000 	C:\Windows\System32\windows.storage.dll
0x00007fff5de80000 - 0x00007fff5decc000 	C:\Windows\System32\powrprof.dll
0x00007fff61920000 - 0x00007fff61972000 	C:\Windows\System32\shlwapi.dll
0x00007fff5de50000 - 0x00007fff5de5f000 	C:\Windows\System32\kernel.appcore.dll
0x00007fff5eba0000 - 0x00007fff5ec49000 	C:\Windows\System32\shcore.dll
0x00007fff5de60000 - 0x00007fff5de74000 	C:\Windows\System32\profapi.dll
0x00007fff48d60000 - 0x00007fff48d7a000 	C:\Program Files\Android\Android Studio\jre\jre\bin\net.dll
0x00007fff5d4a0000 - 0x00007fff5d4fc000 	C:\Windows\system32\mswsock.dll
0x00007fff48d20000 - 0x00007fff48d31000 	C:\Program Files\Android\Android Studio\jre\jre\bin\nio.dll
0x00007fff3eb70000 - 0x00007fff3eb8e000 	C:\Users\Pavel\.gradle\native\23\windows-amd64\native-platform.dll
0x00007fff5da90000 - 0x00007fff5daa7000 	C:\Windows\SYSTEM32\CRYPTSP.dll
0x00007fff5d080000 - 0x00007fff5d0b3000 	C:\Windows\system32\rsaenh.dll
0x00007fff5da60000 - 0x00007fff5da8b000 	C:\Windows\SYSTEM32\bcrypt.dll
0x00007fff5d300000 - 0x00007fff5d31f000 	C:\Windows\SYSTEM32\USERENV.dll
0x00007fff5d6d0000 - 0x00007fff5d6db000 	C:\Windows\SYSTEM32\CRYPTBASE.dll
0x00007fff5d200000 - 0x00007fff5d238000 	C:\Windows\SYSTEM32\IPHLPAPI.DLL
0x00007fff617d0000 - 0x00007fff617d8000 	C:\Windows\System32\NSI.dll
0x00007fff56540000 - 0x00007fff56556000 	C:\Windows\SYSTEM32\dhcpcsvc6.DLL
0x00007fff56520000 - 0x00007fff5653a000 	C:\Windows\SYSTEM32\dhcpcsvc.DLL
0x00007fff57e00000 - 0x00007fff57e0d000 	C:\Program Files\Android\Android Studio\jre\jre\bin\management.dll
0x00007fff3f010000 - 0x00007fff3f034000 	C:\Program Files\Android\Android Studio\jre\jre\bin\sunec.dll
0x00007fff50710000 - 0x00007fff5071b000 	C:\Program Files\Android\Android Studio\jre\jre\bin\sunmscapi.dll
0x00007fff5e6a0000 - 0x00007fff5e869000 	C:\Windows\System32\CRYPT32.dll
0x00007fff5ded0000 - 0x00007fff5dee0000 	C:\Windows\System32\MSASN1.dll
0x00007fff3f3c0000 - 0x00007fff3f552000 	C:\Windows\SYSTEM32\dbghelp.dll

VM Arguments:
jvm_args: -Xmx1536m -Dfile.encoding=windows-1251 -Duser.country=RU -Duser.language=ru -Duser.variant 
java_command: org.gradle.launcher.daemon.bootstrap.GradleDaemon 3.3
java_class_path (initial): C:\Users\Pavel\.gradle\wrapper\dists\gradle-3.3-all\55gk2rcmfc6p2dg9u9ohc3hw9\gradle-3.3\lib\gradle-launcher-3.3.jar
Launcher Type: SUN_STANDARD

Environment Variables:
JAVA_HOME=C:\Program Files\Java\jdk1.8.0_121
PATH=C:\ProgramData\Oracle\Java\javapath;C:\ProgramData\Oracle\Java\javapath\jdk1.8.0_121;C:\Program Files (x86)\NVIDIA Corporation\PhysX\Common;C:\Windows\system32;C:\Windows;C:\Windows\System32\Wbem;C:\Windows\System32\WindowsPowerShell\v1.0\;C:\Program Files (x86)\QuickTime\QTSystem\;C:\Program Files\Git\cmd;C:\Users\Pavel\AppData\Local\Microsoft\WindowsApps;C:\Program Files\Java\jdk1.8.0_121\bin
USERNAME=Pavel
OS=Windows_NT
PROCESSOR_IDENTIFIER=AMD64 Family 16 Model 4 Stepping 3, AuthenticAMD



---------------  S Y S T E M  ---------------

OS: Windows 10.0 , 64 bit Build 14393 (10.0.14393.1198)

CPU:total 4 (4 cores per cpu, 1 threads per core) family 16 model 4 stepping 3, cmov, cx8, fxsr, mmx, sse, sse2, sse3, popcnt, mmxext, 3dnowpref, lzcnt, sse4a, tsc, tscinvbit, tscinv

Memory: 4k page, physical 6290676k(996512k free), swap 12688700k(3651356k free)

vm_info: OpenJDK 64-Bit Server VM (25.112-b06) for windows-amd64 JRE (1.8.0_112-release-b06), built on Dec  8 2016 00:54:26 by "builder" with MS VC++ 10.0 (VS2010)

time: Tue Jul 18 18:11:34 2017
elapsed time: 2362 seconds (0d 0h 39m 22s)

