#
# A fatal error has been detected by the Java Runtime Environment:
#
#  EXCEPTION_ACCESS_VIOLATION (0xc0000005) at pc=0x00000000691351cf, pid=10224, tid=0x0000000000001078
#
# JRE version: OpenJDK Runtime Environment (8.0_112-b06) (build 1.8.0_112-release-b06)
# Java VM: OpenJDK 64-Bit Server VM (25.112-b06 mixed mode windows-amd64 compressed oops)
# Problematic frame:
# V  [jvm.dll+0x4351cf]
#
# Failed to write core dump. Minidumps are not enabled by default on client versions of Windows
#
# If you would like to submit a bug report, please visit:
#   http://bugreport.java.com/bugreport/crash.jsp
#

---------------  T H R E A D  ---------------

Current thread (0x000000001613d000):  JavaThread "C2 CompilerThread0" daemon [_thread_in_native, id=4216, stack(0x0000000017780000,0x0000000017880000)]

siginfo: ExceptionCode=0xc0000005, reading address 0xffffffffffffffff

Registers:
RAX=0x0000000069123828, RBX=0x0000000000000000, RCX=0x000000001bcd59a0, RDX=0x0000000000000000
RSP=0x000000001787c480, RBP=0x00000000000f423f, RSI=0x0000000019196510, RDI=0x0000000000000000
R8 =0x000000000000150a, R9 =0x000000001a510810, R10=0x0000000000000000, R11=0x0000000000000004
R12=0x000000001787c660, R13=0x000000001bcd59a0, R14=0x0000000000000000, R15=0x0000000019196520
RIP=0x00000000691351cf, EFLAGS=0x0000000000010202

Top of Stack: (sp=0x000000001787c480)
0x000000001787c480:   00000000194a3618 0000000000000611
0x000000001787c490:   00000000000005ff 000000001c293a80
0x000000001787c4a0:   00000000000005ff 000000001787c4c0
0x000000001787c4b0:   0000000019196510 00000000000002d1
0x000000001787c4c0:   0000000000000018 0000000000000ed0
0x000000001787c4d0:   0000000000000000 0000000019196520
0x000000001787c4e0:   0000000000000003 00000000000002d1
0x000000001787c4f0:   0000000000000000 0000000000000000
0x000000001787c500:   00000000000003d8 000000001c5bf538
0x000000001787c510:   000000001c5bf160 0000000000000000
0x000000001787c520:   000000001787c8b0 000000001c5bf150
0x000000001787c530:   000000001787c640 00000000691328c6
0x000000001787c540:   000000001787c660 000000001787c9c0
0x000000001787c550:   0000000000000008 00000000000f423f
0x000000001787c560:   0000000000000002 000000001c5bf150
0x000000001787c570:   000000001aae8960 000000001aaebc70 

Instructions: (pc=0x00000000691351cf)
0x00000000691351af:   49 8b 4c 24 18 48 8b d6 48 8b 49 48 e8 d0 78 fe
0x00000000691351bf:   ff 84 c0 0f 84 fc fb ff ff 49 8b 45 00 49 8b cd
0x00000000691351cf:   ff 90 90 00 00 00 48 8b d8 48 89 44 24 50 48 85
0x00000000691351df:   c0 74 16 48 8b c8 e8 56 1f ff ff 48 8b cb 8b e8 


Register to memory mapping:

RAX=0x0000000069123828 is an unknown value
RBX=0x0000000000000000 is an unknown value
RCX=0x000000001bcd59a0 is an unknown value
RDX=0x0000000000000000 is an unknown value
RSP=0x000000001787c480 is pointing into the stack for thread: 0x000000001613d000
RBP=0x00000000000f423f is an unknown value
RSI=0x0000000019196510 is an unknown value
RDI=0x0000000000000000 is an unknown value
R8 =0x000000000000150a is an unknown value
R9 =0x000000001a510810 is an unknown value
R10=0x0000000000000000 is an unknown value
R11=0x0000000000000004 is an unknown value
R12=0x000000001787c660 is pointing into the stack for thread: 0x000000001613d000
R13=0x000000001bcd59a0 is an unknown value
R14=0x0000000000000000 is an unknown value
R15=0x0000000019196520 is an unknown value


Stack: [0x0000000017780000,0x0000000017880000],  sp=0x000000001787c480,  free space=1009k
Native frames: (J=compiled Java code, j=interpreted, Vv=VM code, C=native code)
V  [jvm.dll+0x4351cf]
V  [jvm.dll+0x4328c6]
V  [jvm.dll+0x43d6bb]
V  [jvm.dll+0x43ff8e]
V  [jvm.dll+0x423242]
V  [jvm.dll+0x80b29]
V  [jvm.dll+0x8145f]
V  [jvm.dll+0x21be7f]
V  [jvm.dll+0x26c13a]
C  [msvcr100.dll+0x21d9f]
C  [msvcr100.dll+0x21e3b]
C  [KERNEL32.DLL+0x8364]
C  [ntdll.dll+0x670d1]


Current CompileTask:
C2:  16232 7976   !   4       java.lang.Class::getEnumConstantsShared (73 bytes)


---------------  P R O C E S S  ---------------

Java Threads: ( => current thread )
  0x000000001a767000 JavaThread "Cache update executor" [_thread_blocked, id=5008, stack(0x0000000020180000,0x0000000020280000)]
  0x000000001c3f9000 JavaThread "File lock request listener" [_thread_in_native, id=8432, stack(0x000000001dc40000,0x000000001dd40000)]
  0x000000001938a000 JavaThread "Stdin handler" [_thread_blocked, id=528, stack(0x000000001b7a0000,0x000000001b8a0000)]
  0x0000000019389800 JavaThread "Asynchronous log dispatcher for DefaultDaemonConnection: socket connection from /127.0.0.1:50044 to /127.0.0.1:50045" [_thread_blocked, id=8236, stack(0x000000001b6a0000,0x000000001b7a0000)]
  0x0000000019376800 JavaThread "Daemon worker" [_thread_in_vm, id=10344, stack(0x000000001b5a0000,0x000000001b6a0000)]
  0x0000000019240000 JavaThread "Cancel handler" [_thread_blocked, id=9008, stack(0x000000001b4a0000,0x000000001b5a0000)]
  0x000000001921d000 JavaThread "pool-1-thread-1" [_thread_blocked, id=10544, stack(0x000000001b3a0000,0x000000001b4a0000)]
  0x00000000191b2000 JavaThread "Handler for socket connection from /127.0.0.1:50044 to /127.0.0.1:50045" [_thread_in_native, id=6064, stack(0x000000001b2a0000,0x000000001b3a0000)]
  0x0000000018c6c800 JavaThread "Daemon" [_thread_blocked, id=4916, stack(0x000000001b1a0000,0x000000001b2a0000)]
  0x0000000018d7f000 JavaThread "Incoming local TCP Connector on port 50044" [_thread_in_native, id=6952, stack(0x000000001ad60000,0x000000001ae60000)]
  0x0000000017aa8800 JavaThread "Service Thread" daemon [_thread_blocked, id=5208, stack(0x0000000017e80000,0x0000000017f80000)]
  0x0000000016147800 JavaThread "C1 CompilerThread2" daemon [_thread_blocked, id=8464, stack(0x0000000017980000,0x0000000017a80000)]
  0x0000000016140800 JavaThread "C2 CompilerThread1" daemon [_thread_in_native, id=3624, stack(0x0000000017880000,0x0000000017980000)]
=>0x000000001613d000 JavaThread "C2 CompilerThread0" daemon [_thread_in_native, id=4216, stack(0x0000000017780000,0x0000000017880000)]
  0x000000001613b800 JavaThread "Attach Listener" daemon [_thread_blocked, id=11788, stack(0x0000000017680000,0x0000000017780000)]
  0x000000001613a800 JavaThread "Signal Dispatcher" daemon [_thread_blocked, id=12016, stack(0x0000000017580000,0x0000000017680000)]
  0x00000000027cb000 JavaThread "Finalizer" daemon [_thread_blocked, id=11360, stack(0x0000000017390000,0x0000000017490000)]
  0x00000000027c0000 JavaThread "Reference Handler" daemon [_thread_blocked, id=10128, stack(0x0000000017290000,0x0000000017390000)]
  0x00000000026d0800 JavaThread "main" [_thread_blocked, id=8940, stack(0x0000000002520000,0x0000000002620000)]

Other Threads:
  0x0000000016104800 VMThread [stack: 0x0000000017190000,0x0000000017290000] [id=5796]
  0x000000001619c000 WatcherThread [stack: 0x0000000017f80000,0x0000000018080000] [id=3412]

VM state:not at safepoint (normal execution)

VM Mutex/Monitor currently owned by a thread: None

Heap:
 PSYoungGen      total 136704K, used 51156K [0x00000000e0000000, 0x00000000ec300000, 0x0000000100000000)
  eden space 121856K, 29% used [0x00000000e0000000,0x00000000e2379768,0x00000000e7700000)
  from space 14848K, 99% used [0x00000000e7700000,0x00000000e857b8d0,0x00000000e8580000)
  to   space 23040K, 0% used [0x00000000eac80000,0x00000000eac80000,0x00000000ec300000)
 ParOldGen       total 82432K, used 37109K [0x00000000a0000000, 0x00000000a5080000, 0x00000000e0000000)
  object space 82432K, 45% used [0x00000000a0000000,0x00000000a243d678,0x00000000a5080000)
 Metaspace       used 55972K, capacity 57540K, committed 57856K, reserved 1099776K
  class space    used 7457K, capacity 7811K, committed 7936K, reserved 1048576K

Card table byte_map: [0x0000000011b90000,0x0000000011ea0000] byte_map_base: 0x0000000011690000

Marking Bits: (ParMarkBitMap*) 0x00000000694c18f0
 Begin Bits: [0x00000000124a0000, 0x0000000013ca0000)
 End Bits:   [0x0000000013ca0000, 0x00000000154a0000)

Polling page: 0x0000000000d20000

CodeCache: size=245760Kb used=24097Kb max_used=24097Kb free=221662Kb
 bounds [0x00000000027d0000, 0x0000000003f70000, 0x00000000117d0000]
 total_blobs=7970 nmethods=7207 adapters=676
 compilation: enabled

Compilation events (10 events):
Event: 16.200 Thread 0x0000000016147800 8063       1       com.sun.tools.javac.file.Locations$OutputLocationHandler::access$600 (5 bytes)
Event: 16.200 Thread 0x0000000016147800 nmethod 8063 0x0000000003f69a90 code [0x0000000003f69be0, 0x0000000003f69cd0]
Event: 16.217 Thread 0x0000000016147800 8064       2       com.sun.tools.javac.tree.TreeMaker::Assign (20 bytes)
Event: 16.218 Thread 0x0000000016147800 nmethod 8064 0x0000000003f69d50 code [0x0000000003f69ea0, 0x0000000003f6a070]
Event: 16.218 Thread 0x0000000016147800 8065       2       com.sun.tools.javac.tree.TreeMaker::Ident (51 bytes)
Event: 16.218 Thread 0x0000000016147800 nmethod 8065 0x0000000003f6a110 code [0x0000000003f6a280, 0x0000000003f6a4e8]
Event: 16.219 Thread 0x0000000016147800 8066       2       com.sun.tools.javac.code.Types$26::visitArrayType (10 bytes)
Event: 16.219 Thread 0x0000000016147800 nmethod 8066 0x0000000003f6a610 code [0x0000000003f6a780, 0x0000000003f6a998]
Event: 16.219 Thread 0x0000000016147800 8067       2       com.sun.tools.javac.code.Types$26::visitArrayType (21 bytes)
Event: 16.219 Thread 0x0000000016147800 nmethod 8067 0x0000000003f6ab50 code [0x0000000003f6acc0, 0x0000000003f6af28]

GC Heap History (10 events):
Event: 8.398 GC heap before
{Heap before GC invocations=9 (full 1):
 PSYoungGen      total 105472K, used 89502K [0x00000000e0000000, 0x00000000e7780000, 0x0000000100000000)
  eden space 96256K, 85% used [0x00000000e0000000,0x00000000e509be08,0x00000000e5e00000)
  from space 9216K, 75% used [0x00000000e5e00000,0x00000000e64cbab0,0x00000000e6700000)
  to   space 9216K, 0% used [0x00000000e6e80000,0x00000000e6e80000,0x00000000e7780000)
 ParOldGen       total 51712K, used 8997K [0x00000000a0000000, 0x00000000a3280000, 0x00000000e0000000)
  object space 51712K, 17% used [0x00000000a0000000,0x00000000a08c96f0,0x00000000a3280000)
 Metaspace       used 34863K, capacity 35386K, committed 35496K, reserved 1079296K
  class space    used 4657K, capacity 4847K, committed 4864K, reserved 1048576K
Event: 8.416 GC heap after
Heap after GC invocations=9 (full 1):
 PSYoungGen      total 110592K, used 9213K [0x00000000e0000000, 0x00000000e9980000, 0x0000000100000000)
  eden space 101376K, 0% used [0x00000000e0000000,0x00000000e0000000,0x00000000e6300000)
  from space 9216K, 99% used [0x00000000e6e80000,0x00000000e777f668,0x00000000e7780000)
  to   space 11776K, 0% used [0x00000000e6300000,0x00000000e6300000,0x00000000e6e80000)
 ParOldGen       total 51712K, used 11909K [0x00000000a0000000, 0x00000000a3280000, 0x00000000e0000000)
  object space 51712K, 23% used [0x00000000a0000000,0x00000000a0ba1790,0x00000000a3280000)
 Metaspace       used 34863K, capacity 35386K, committed 35496K, reserved 1079296K
  class space    used 4657K, capacity 4847K, committed 4864K, reserved 1048576K
}
Event: 8.416 GC heap before
{Heap before GC invocations=10 (full 2):
 PSYoungGen      total 110592K, used 9213K [0x00000000e0000000, 0x00000000e9980000, 0x0000000100000000)
  eden space 101376K, 0% used [0x00000000e0000000,0x00000000e0000000,0x00000000e6300000)
  from space 9216K, 99% used [0x00000000e6e80000,0x00000000e777f668,0x00000000e7780000)
  to   space 11776K, 0% used [0x00000000e6300000,0x00000000e6300000,0x00000000e6e80000)
 ParOldGen       total 51712K, used 11909K [0x00000000a0000000, 0x00000000a3280000, 0x00000000e0000000)
  object space 51712K, 23% used [0x00000000a0000000,0x00000000a0ba1790,0x00000000a3280000)
 Metaspace       used 34863K, capacity 35386K, committed 35496K, reserved 1079296K
  class space    used 4657K, capacity 4847K, committed 4864K, reserved 1048576K
Event: 8.505 GC heap after
Heap after GC invocations=10 (full 2):
 PSYoungGen      total 110592K, used 0K [0x00000000e0000000, 0x00000000e9980000, 0x0000000100000000)
  eden space 101376K, 0% used [0x00000000e0000000,0x00000000e0000000,0x00000000e6300000)
  from space 9216K, 0% used [0x00000000e6e80000,0x00000000e6e80000,0x00000000e7780000)
  to   space 11776K, 0% used [0x00000000e6300000,0x00000000e6300000,0x00000000e6e80000)
 ParOldGen       total 82432K, used 18210K [0x00000000a0000000, 0x00000000a5080000, 0x00000000e0000000)
  object space 82432K, 22% used [0x00000000a0000000,0x00000000a11c8a68,0x00000000a5080000)
 Metaspace       used 34863K, capacity 35386K, committed 35496K, reserved 1079296K
  class space    used 4657K, capacity 4847K, committed 4864K, reserved 1048576K
}
Event: 11.283 GC heap before
{Heap before GC invocations=11 (full 2):
 PSYoungGen      total 110592K, used 101376K [0x00000000e0000000, 0x00000000e9980000, 0x0000000100000000)
  eden space 101376K, 100% used [0x00000000e0000000,0x00000000e6300000,0x00000000e6300000)
  from space 9216K, 0% used [0x00000000e6e80000,0x00000000e6e80000,0x00000000e7780000)
  to   space 11776K, 0% used [0x00000000e6300000,0x00000000e6300000,0x00000000e6e80000)
 ParOldGen       total 82432K, used 18210K [0x00000000a0000000, 0x00000000a5080000, 0x00000000e0000000)
  object space 82432K, 22% used [0x00000000a0000000,0x00000000a11c8a68,0x00000000a5080000)
 Metaspace       used 42091K, capacity 42868K, committed 43008K, reserved 1087488K
  class space    used 5629K, capacity 5847K, committed 5888K, reserved 1048576K
Event: 11.293 GC heap after
Heap after GC invocations=11 (full 2):
 PSYoungGen      total 113152K, used 10032K [0x00000000e0000000, 0x00000000e9180000, 0x0000000100000000)
  eden space 101376K, 0% used [0x00000000e0000000,0x00000000e0000000,0x00000000e6300000)
  from space 11776K, 85% used [0x00000000e6300000,0x00000000e6ccc2d8,0x00000000e6e80000)
  to   space 12288K, 0% used [0x00000000e8580000,0x00000000e8580000,0x00000000e9180000)
 ParOldGen       total 82432K, used 18218K [0x00000000a0000000, 0x00000000a5080000, 0x00000000e0000000)
  object space 82432K, 22% used [0x00000000a0000000,0x00000000a11caa68,0x00000000a5080000)
 Metaspace       used 42091K, capacity 42868K, committed 43008K, reserved 1087488K
  class space    used 5629K, capacity 5847K, committed 5888K, reserved 1048576K
}
Event: 13.161 GC heap before
{Heap before GC invocations=12 (full 2):
 PSYoungGen      total 113152K, used 111408K [0x00000000e0000000, 0x00000000e9180000, 0x0000000100000000)
  eden space 101376K, 100% used [0x00000000e0000000,0x00000000e6300000,0x00000000e6300000)
  from space 11776K, 85% used [0x00000000e6300000,0x00000000e6ccc2d8,0x00000000e6e80000)
  to   space 12288K, 0% used [0x00000000e8580000,0x00000000e8580000,0x00000000e9180000)
 ParOldGen       total 82432K, used 18218K [0x00000000a0000000, 0x00000000a5080000, 0x00000000e0000000)
  object space 82432K, 22% used [0x00000000a0000000,0x00000000a11caa68,0x00000000a5080000)
 Metaspace       used 46491K, capacity 47838K, committed 48128K, reserved 1091584K
  class space    used 6280K, capacity 6574K, committed 6656K, reserved 1048576K
Event: 13.186 GC heap after
Heap after GC invocations=12 (full 2):
 PSYoungGen      total 134144K, used 12287K [0x00000000e0000000, 0x00000000e9780000, 0x0000000100000000)
  eden space 121856K, 0% used [0x00000000e0000000,0x00000000e0000000,0x00000000e7700000)
  from space 12288K, 99% used [0x00000000e8580000,0x00000000e917ffb8,0x00000000e9180000)
  to   space 14848K, 0% used [0x00000000e7700000,0x00000000e7700000,0x00000000e8580000)
 ParOldGen       total 82432K, used 21079K [0x00000000a0000000, 0x00000000a5080000, 0x00000000e0000000)
  object space 82432K, 25% used [0x00000000a0000000,0x00000000a1495fd0,0x00000000a5080000)
 Metaspace       used 46491K, capacity 47838K, committed 48128K, reserved 1091584K
  class space    used 6280K, capacity 6574K, committed 6656K, reserved 1048576K
}
Event: 15.453 GC heap before
{Heap before GC invocations=13 (full 2):
 PSYoungGen      total 134144K, used 134143K [0x00000000e0000000, 0x00000000e9780000, 0x0000000100000000)
  eden space 121856K, 100% used [0x00000000e0000000,0x00000000e7700000,0x00000000e7700000)
  from space 12288K, 99% used [0x00000000e8580000,0x00000000e917ffb8,0x00000000e9180000)
  to   space 14848K, 0% used [0x00000000e7700000,0x00000000e7700000,0x00000000e8580000)
 ParOldGen       total 82432K, used 21079K [0x00000000a0000000, 0x00000000a5080000, 0x00000000e0000000)
  object space 82432K, 25% used [0x00000000a0000000,0x00000000a1495fd0,0x00000000a5080000)
 Metaspace       used 54597K, capacity 56164K, committed 56448K, reserved 1097728K
  class space    used 7358K, capacity 7715K, committed 7808K, reserved 1048576K
Event: 15.498 GC heap after
Heap after GC invocations=13 (full 2):
 PSYoungGen      total 136704K, used 14830K [0x00000000e0000000, 0x00000000ec300000, 0x0000000100000000)
  eden space 121856K, 0% used [0x00000000e0000000,0x00000000e0000000,0x00000000e7700000)
  from space 14848K, 99% used [0x00000000e7700000,0x00000000e857b8d0,0x00000000e8580000)
  to   space 23040K, 0% used [0x00000000eac80000,0x00000000eac80000,0x00000000ec300000)
 ParOldGen       total 82432K, used 37109K [0x00000000a0000000, 0x00000000a5080000, 0x00000000e0000000)
  object space 82432K, 45% used [0x00000000a0000000,0x00000000a243d678,0x00000000a5080000)
 Metaspace       used 54597K, capacity 56164K, committed 56448K, reserved 1097728K
  class space    used 7358K, capacity 7715K, committed 7808K, reserved 1048576K
}

Deoptimization events (10 events):
Event: 15.729 Thread 0x0000000019376800 Uncommon trap: reason=unstable_if action=reinterpret pc=0x0000000003002ae4 method=com.sun.tools.javac.code.Scope.lookup(Lcom/sun/tools/javac/util/Name;Lcom/sun/tools/javac/util/Filter;)Lcom/sun/tools/javac/code/Scope$Entry; @ 54
Event: 15.738 Thread 0x0000000019376800 Uncommon trap: reason=unstable_if action=reinterpret pc=0x00000000030e7d68 method=com.sun.tools.javac.code.Scope.dble()V @ 44
Event: 15.854 Thread 0x0000000019376800 Uncommon trap: reason=class_check action=maybe_recompile pc=0x00000000030c4598 method=com.sun.tools.javac.code.Type.containsAny(Lcom/sun/tools/javac/util/List;)Z @ 6
Event: 15.857 Thread 0x0000000019376800 Uncommon trap: reason=class_check action=maybe_recompile pc=0x00000000030c4598 method=com.sun.tools.javac.code.Type.containsAny(Lcom/sun/tools/javac/util/List;)Z @ 6
Event: 15.857 Thread 0x0000000019376800 Uncommon trap: reason=class_check action=maybe_recompile pc=0x00000000030c4598 method=com.sun.tools.javac.code.Type.containsAny(Lcom/sun/tools/javac/util/List;)Z @ 6
Event: 15.857 Thread 0x0000000019376800 Uncommon trap: reason=class_check action=maybe_recompile pc=0x00000000030c4598 method=com.sun.tools.javac.code.Type.containsAny(Lcom/sun/tools/javac/util/List;)Z @ 6
Event: 15.919 Thread 0x0000000019376800 Uncommon trap: reason=unstable_if action=reinterpret pc=0x000000000360f958 method=com.sun.tools.javac.util.ListBuffer.append(Ljava/lang/Object;)Lcom/sun/tools/javac/util/ListBuffer; @ 9
Event: 15.984 Thread 0x0000000019376800 Uncommon trap: reason=bimorphic action=maybe_recompile pc=0x0000000003e984fc method=com.sun.tools.javac.code.Type.isCompound()Z @ 14
Event: 15.986 Thread 0x0000000019376800 Uncommon trap: reason=bimorphic action=maybe_recompile pc=0x0000000003e984fc method=com.sun.tools.javac.code.Type.isCompound()Z @ 14
Event: 15.986 Thread 0x0000000019376800 Uncommon trap: reason=bimorphic action=maybe_recompile pc=0x0000000003e984fc method=com.sun.tools.javac.code.Type.isCompound()Z @ 14

Internal exceptions (10 events):
Event: 13.802 Thread 0x0000000019376800 Exception <a 'java/lang/ClassNotFoundException': org/gradle/model/internal/core/ModelMapGroovyViewBeanInfo> (0x00000000e1cf0788) thrown at [C:\src\android\AOSP-openjdk\external\jetbrains\jdk\hotspot\src\share\vm\classfile\systemDictionary.cpp, line 210]
Event: 13.803 Thread 0x0000000019376800 Exception <a 'java/lang/ClassNotFoundException': org/gradle/model/internal/core/ModelMapGroovyViewCustomizer> (0x00000000e1d03268) thrown at [C:\src\android\AOSP-openjdk\external\jetbrains\jdk\hotspot\src\share\vm\classfile\systemDictionary.cpp, line 210]
Event: 13.804 Thread 0x0000000019376800 Exception <a 'java/lang/ClassNotFoundException': org/gradle/model/internal/core/NodeBackedModelMapCustomizer> (0x00000000e1d29370) thrown at [C:\src\android\AOSP-openjdk\external\jetbrains\jdk\hotspot\src\share\vm\classfile\systemDictionary.cpp, line 210]
Event: 13.806 Thread 0x0000000019376800 Exception <a 'java/lang/ClassNotFoundException': org/gradle/platform/base/BinaryContainer_ImplCustomizer> (0x00000000e1d88d38) thrown at [C:\src\android\AOSP-openjdk\external\jetbrains\jdk\hotspot\src\share\vm\classfile\systemDictionary.cpp, line 210]
Event: 13.955 Thread 0x0000000019376800 Exception <a 'java/lang/NoSuchMethodError': <clinit>> (0x00000000e23b2a88) thrown at [C:\src\android\AOSP-openjdk\external\jetbrains\jdk\hotspot\src\share\vm\prims\jni.cpp, line 1613]
Event: 13.956 Thread 0x0000000019376800 Exception <a 'java/lang/NoSuchMethodError': <clinit>> (0x00000000e23c0328) thrown at [C:\src\android\AOSP-openjdk\external\jetbrains\jdk\hotspot\src\share\vm\prims\jni.cpp, line 1613]
Event: 13.961 Thread 0x0000000019376800 Implicit null exception at 0x00000000037cf7fa to 0x00000000037d08a5
Event: 13.971 Thread 0x0000000019376800 Exception <a 'java/lang/NoSuchMethodError': <clinit>> (0x00000000e24733e0) thrown at [C:\src\android\AOSP-openjdk\external\jetbrains\jdk\hotspot\src\share\vm\prims\jni.cpp, line 1613]
Event: 13.972 Thread 0x0000000019376800 Exception <a 'java/lang/NoSuchMethodError': <clinit>> (0x00000000e248c138) thrown at [C:\src\android\AOSP-openjdk\external\jetbrains\jdk\hotspot\src\share\vm\prims\jni.cpp, line 1613]
Event: 13.972 Thread 0x0000000019376800 Exception <a 'java/lang/NoSuchMethodError': <clinit>> (0x00000000e248ddb8) thrown at [C:\src\android\AOSP-openjdk\external\jetbrains\jdk\hotspot\src\share\vm\prims\jni.cpp, line 1613]

Events (10 events):
Event: 15.984 loading class com/sun/tools/javac/code/Types$MembersClosureCache$MembersScope$1 done
Event: 15.984 Thread 0x0000000019376800 Uncommon trap: trap_request=0xffffffc6 fr.pc=0x0000000003e984fc
Event: 15.984 Thread 0x0000000019376800 DEOPT PACKING pc=0x0000000003e984fc sp=0x000000001b69ae00
Event: 15.984 Thread 0x0000000019376800 DEOPT UNPACKING pc=0x000000000281556a sp=0x000000001b69ad90 mode 2
Event: 15.986 Thread 0x0000000019376800 Uncommon trap: trap_request=0xffffffc6 fr.pc=0x0000000003e984fc
Event: 15.986 Thread 0x0000000019376800 DEOPT PACKING pc=0x0000000003e984fc sp=0x000000001b699a20
Event: 15.986 Thread 0x0000000019376800 DEOPT UNPACKING pc=0x000000000281556a sp=0x000000001b6999b0 mode 2
Event: 15.986 Thread 0x0000000019376800 Uncommon trap: trap_request=0xffffffc6 fr.pc=0x0000000003e984fc
Event: 15.986 Thread 0x0000000019376800 DEOPT PACKING pc=0x0000000003e984fc sp=0x000000001b699d60
Event: 15.986 Thread 0x0000000019376800 DEOPT UNPACKING pc=0x000000000281556a sp=0x000000001b699cf0 mode 2


Dynamic libraries:
0x00007ff666c30000 - 0x00007ff666c61000 	C:\Program Files\Android\Android Studio\jre\bin\java.exe
0x00007fff619e0000 - 0x00007fff61bb1000 	C:\Windows\SYSTEM32\ntdll.dll
0x00007fff5f390000 - 0x00007fff5f43c000 	C:\Windows\System32\KERNEL32.DLL
0x00007fff5ec50000 - 0x00007fff5ee6d000 	C:\Windows\System32\KERNELBASE.dll
0x00007fff5f0e0000 - 0x00007fff5f182000 	C:\Windows\System32\ADVAPI32.dll
0x00007fff61730000 - 0x00007fff617ce000 	C:\Windows\System32\msvcrt.dll
0x00007fff61980000 - 0x00007fff619d9000 	C:\Windows\System32\sechost.dll
0x00007fff617f0000 - 0x00007fff61911000 	C:\Windows\System32\RPCRT4.dll
0x00007fff61560000 - 0x00007fff616c5000 	C:\Windows\System32\USER32.dll
0x00007fff5dee0000 - 0x00007fff5defe000 	C:\Windows\System32\win32u.dll
0x00007fff60010000 - 0x00007fff60044000 	C:\Windows\System32\GDI32.dll
0x00007fff5e910000 - 0x00007fff5ea90000 	C:\Windows\System32\gdi32full.dll
0x00007fff59120000 - 0x00007fff5939a000 	C:\Windows\WinSxS\amd64_microsoft.windows.common-controls_6595b64144ccf1df_6.0.14393.953_none_42151e83c686086b\COMCTL32.dll
0x00007fff5fcd0000 - 0x00007fff5ff98000 	C:\Windows\System32\combase.dll
0x00007fff5ee70000 - 0x00007fff5ef65000 	C:\Windows\System32\ucrtbase.dll
0x00007fff5df50000 - 0x00007fff5dfba000 	C:\Windows\System32\bcryptPrimitives.dll
0x00007fff5f200000 - 0x00007fff5f22e000 	C:\Windows\System32\IMM32.DLL
0x0000000068b40000 - 0x0000000068c12000 	C:\Program Files\Android\Android Studio\jre\jre\bin\msvcr100.dll
0x0000000068d00000 - 0x000000006953c000 	C:\Program Files\Android\Android Studio\jre\jre\bin\server\jvm.dll
0x00007fff5f0d0000 - 0x00007fff5f0d8000 	C:\Windows\System32\PSAPI.DLL
0x00007fff5b820000 - 0x00007fff5b843000 	C:\Windows\SYSTEM32\WINMM.dll
0x00007fff5bca0000 - 0x00007fff5bcaa000 	C:\Windows\SYSTEM32\VERSION.dll
0x00007fff4b330000 - 0x00007fff4b339000 	C:\Windows\SYSTEM32\WSOCK32.dll
0x00007fff5ffa0000 - 0x00007fff6000a000 	C:\Windows\System32\WS2_32.dll
0x00007fff5b7c0000 - 0x00007fff5b7eb000 	C:\Windows\SYSTEM32\WINMMBASE.dll
0x00007fff5df00000 - 0x00007fff5df42000 	C:\Windows\System32\cfgmgr32.dll
0x00007fff5a970000 - 0x00007fff5a97f000 	C:\Program Files\Android\Android Studio\jre\jre\bin\verify.dll
0x00007fff489a0000 - 0x00007fff489c9000 	C:\Program Files\Android\Android Studio\jre\jre\bin\java.dll
0x00007fff49160000 - 0x00007fff49176000 	C:\Program Files\Android\Android Studio\jre\jre\bin\zip.dll
0x00007fff60050000 - 0x00007fff61558000 	C:\Windows\System32\SHELL32.dll
0x00007fff5dfc0000 - 0x00007fff5e69a000 	C:\Windows\System32\windows.storage.dll
0x00007fff5de80000 - 0x00007fff5decc000 	C:\Windows\System32\powrprof.dll
0x00007fff61920000 - 0x00007fff61972000 	C:\Windows\System32\shlwapi.dll
0x00007fff5de50000 - 0x00007fff5de5f000 	C:\Windows\System32\kernel.appcore.dll
0x00007fff5eba0000 - 0x00007fff5ec49000 	C:\Windows\System32\shcore.dll
0x00007fff5de60000 - 0x00007fff5de74000 	C:\Windows\System32\profapi.dll
0x00007fff48d60000 - 0x00007fff48d7a000 	C:\Program Files\Android\Android Studio\jre\jre\bin\net.dll
0x00007fff5d4a0000 - 0x00007fff5d4fc000 	C:\Windows\system32\mswsock.dll
0x00007fff48d20000 - 0x00007fff48d31000 	C:\Program Files\Android\Android Studio\jre\jre\bin\nio.dll
0x00007fff3eb70000 - 0x00007fff3eb8e000 	C:\Users\Pavel\.gradle\native\23\windows-amd64\native-platform.dll
0x00007fff5da90000 - 0x00007fff5daa7000 	C:\Windows\SYSTEM32\CRYPTSP.dll
0x00007fff5d080000 - 0x00007fff5d0b3000 	C:\Windows\system32\rsaenh.dll
0x00007fff5da60000 - 0x00007fff5da8b000 	C:\Windows\SYSTEM32\bcrypt.dll
0x00007fff5d300000 - 0x00007fff5d31f000 	C:\Windows\SYSTEM32\USERENV.dll
0x00007fff5d6d0000 - 0x00007fff5d6db000 	C:\Windows\SYSTEM32\CRYPTBASE.dll
0x00007fff5d200000 - 0x00007fff5d238000 	C:\Windows\SYSTEM32\IPHLPAPI.DLL
0x00007fff617d0000 - 0x00007fff617d8000 	C:\Windows\System32\NSI.dll
0x00007fff56540000 - 0x00007fff56556000 	C:\Windows\SYSTEM32\dhcpcsvc6.DLL
0x00007fff56520000 - 0x00007fff5653a000 	C:\Windows\SYSTEM32\dhcpcsvc.DLL
0x00007fff57e00000 - 0x00007fff57e0d000 	C:\Program Files\Android\Android Studio\jre\jre\bin\management.dll
0x00007fff3f3c0000 - 0x00007fff3f552000 	C:\Windows\SYSTEM32\dbghelp.dll

VM Arguments:
jvm_args: -Xmx1536m -Dfile.encoding=windows-1251 -Duser.country=RU -Duser.language=ru -Duser.variant 
java_command: org.gradle.launcher.daemon.bootstrap.GradleDaemon 3.3
java_class_path (initial): C:\Users\Pavel\.gradle\wrapper\dists\gradle-3.3-all\55gk2rcmfc6p2dg9u9ohc3hw9\gradle-3.3\lib\gradle-launcher-3.3.jar
Launcher Type: SUN_STANDARD

Environment Variables:
JAVA_HOME=C:\Program Files\Java\jdk1.8.0_121
PATH=C:\ProgramData\Oracle\Java\javapath;C:\ProgramData\Oracle\Java\javapath\jdk1.8.0_121;C:\Program Files (x86)\NVIDIA Corporation\PhysX\Common;C:\Windows\system32;C:\Windows;C:\Windows\System32\Wbem;C:\Windows\System32\WindowsPowerShell\v1.0\;C:\Program Files (x86)\QuickTime\QTSystem\;C:\Program Files\Git\cmd;C:\Users\Pavel\AppData\Local\Microsoft\WindowsApps;C:\Program Files\Java\jdk1.8.0_121\bin
USERNAME=Pavel
OS=Windows_NT
PROCESSOR_IDENTIFIER=AMD64 Family 16 Model 4 Stepping 3, AuthenticAMD



---------------  S Y S T E M  ---------------

OS: Windows 10.0 , 64 bit Build 14393 (10.0.14393.1198)

CPU:total 4 (4 cores per cpu, 1 threads per core) family 16 model 4 stepping 3, cmov, cx8, fxsr, mmx, sse, sse2, sse3, popcnt, mmxext, 3dnowpref, lzcnt, sse4a, tsc, tscinvbit, tscinv

Memory: 4k page, physical 6290676k(972648k free), swap 12688700k(3714012k free)

vm_info: OpenJDK 64-Bit Server VM (25.112-b06) for windows-amd64 JRE (1.8.0_112-release-b06), built on Dec  8 2016 00:54:26 by "builder" with MS VC++ 10.0 (VS2010)

time: Tue Jul 18 18:12:08 2017
elapsed time: 16 seconds (0d 0h 0m 16s)

