#
# A fatal error has been detected by the Java Runtime Environment:
#
#  EXCEPTION_ACCESS_VIOLATION (0xc0000005) at pc=0x0000000003391b68, pid=5668, tid=0x0000000000001e44
#
# JRE version: Java(TM) SE Runtime Environment (8.0_121-b13) (build 1.8.0_121-b13)
# Java VM: Java HotSpot(TM) 64-Bit Server VM (25.121-b13 mixed mode windows-amd64 compressed oops)
# Problematic frame:
# J 13547 C2 com.android.jack.dx.dex.file.MixedItemSection.prepare0()V (57 bytes) @ 0x0000000003391b68 [0x0000000003391aa0+0xc8]
#
# Failed to write core dump. Minidumps are not enabled by default on client versions of Windows
#
# If you would like to submit a bug report, please visit:
#   http://bugreport.java.com/bugreport/crash.jsp
#

---------------  T H R E A D  ---------------

Current thread (0x000000001c8ed800):  JavaThread "config-29-worker-1" daemon [_thread_in_Java, id=7748, stack(0x00000000249b0000,0x0000000024bb0000)]

siginfo: ExceptionCode=0xc0000005, reading address 0x0000000000000038

Registers:
RAX=0x0000000100988600, RBX=0x00000000fa682f48, RCX=0x0000000000000000, RDX=0x00000000fce0ab20
RSP=0x0000000024baeb70, RBP=0x00000000fa91e110, RSI=0x00000000a66f5f10, RDI=0x0000000000000000
R8 =0x0000000000005fb2, R9 =0x00000000fa682f48, R10=0x00000000fcc0a9c0, R11=0x0000000000004c20
R12=0x0000000000000000, R13=0x00000000e0f88048, R14=0x000000010097ac18, R15=0x000000001c8ed800
RIP=0x0000000003391b68, EFLAGS=0x0000000000010293

Top of Stack: (sp=0x0000000024baeb70)
0x0000000024baeb70:   fa682f4800005fb2 00000000fa682f48
0x0000000024baeb80:   0000000000004c1f 00000000e4f28130
0x0000000024baeb90:   00000000fa682f48 00000000fa682f48
0x0000000024baeba0:   000000001c8ed800 0000000024baeca0
0x0000000024baebb0:   00000000fa91e110 0000000005468408
0x0000000024baebc0:   00000000fa91e110 00000000fa682f48
0x0000000024baebd0:   0000000000000000 000000010097b2b8
0x0000000024baebe0:   00000000fb391438 00000000e4e1e310
0x0000000024baebf0:   00000000a254d548 00000000fa683870
0x0000000024baec00:   00000000e4e1dce8 00000000fa683978
0x0000000024baec10:   00000000e4dd7a30 a249bba8a240c198
0x0000000024baec20:   00000000a249bba8 00000000a240c198
0x0000000024baec30:   0000000300000002 0000000000000002
0x0000000024baec40:   0000000000000000 0000000022efb798
0x0000000024baec50:   0000000024baece0 000000000304835d
0x0000000024baec60:   0000000024baece0 000000000304835d 

Instructions: (pc=0x0000000003391b68)
0x0000000003391b48:   41 8b 7a 0c 44 3b df 73 57 47 8b 54 9a 10 41 8b
0x0000000003391b58:   7a 08 48 b9 00 00 00 00 00 00 00 00 48 8d 0c f9
0x0000000003391b68:   48 8b 49 38 48 bf 50 9c 94 00 01 00 00 00 48 3b
0x0000000003391b78:   cf 0f 84 71 ff ff ff ba de ff ff ff 41 8b ea e8 


Register to memory mapping:

RAX=0x0000000100988600 is pointing into metadata
RBX=0x00000000fa682f48 is an oop
com.android.jack.dx.dex.file.DexFile 
 - klass: 'com/android/jack/dx/dex/file/DexFile'
RCX=0x0000000000000000 is an unknown value
RDX=0x00000000fce0ab20 is an oop
com.android.jack.dx.dex.file.ImportedDebugInfoItem 
 - klass: 'com/android/jack/dx/dex/file/ImportedDebugInfoItem'
RSP=0x0000000024baeb70 is pointing into the stack for thread: 0x000000001c8ed800
RBP=0x00000000fa91e110 is an oop
com.android.jack.dx.dex.file.MixedItemSection 
 - klass: 'com/android/jack/dx/dex/file/MixedItemSection'
RSI=0x00000000a66f5f10 is pointing into object: 0x00000000a66f5f00
[C 
 - klass: {type array char}
 - length: 22
RDI=0x0000000000000000 is an unknown value
R8 =0x0000000000005fb2 is an unknown value
R9 =0x00000000fa682f48 is an oop
com.android.jack.dx.dex.file.DexFile 
 - klass: 'com/android/jack/dx/dex/file/DexFile'
R10=0x00000000fcc0a9c0 is an oop

[error occurred during error reporting (printing register info), id 0xc0000005]

Stack: [0x00000000249b0000,0x0000000024bb0000],  sp=0x0000000024baeb70,  free space=2042k
Native frames: (J=compiled Java code, j=interpreted, Vv=VM code, C=native code)
C  0x0000000003391b68


---------------  P R O C E S S  ---------------

Java Threads: ( => current thread )
  0x000000001c8f0000 JavaThread "config-29-worker-3" daemon [_thread_blocked, id=3464, stack(0x0000000024db0000,0x0000000024fb0000)]
  0x000000001c8ee800 JavaThread "config-29-worker-2" daemon [_thread_blocked, id=7640, stack(0x0000000024bb0000,0x0000000024db0000)]
=>0x000000001c8ed800 JavaThread "config-29-worker-1" daemon [_thread_in_Java, id=7748, stack(0x00000000249b0000,0x0000000024bb0000)]
  0x000000001c8e4800 JavaThread "config-29-worker-0" daemon [_thread_blocked, id=4736, stack(0x00000000247b0000,0x00000000249b0000)]
  0x000000001c8e3000 JavaThread "Jack reporter" [_thread_blocked, id=8636, stack(0x0000000024350000,0x0000000024450000)]
  0x000000001c8e1800 JavaThread "Cache update executor" [_thread_blocked, id=10224, stack(0x0000000022a40000,0x0000000022b40000)]
  0x000000001c8e7800 JavaThread "Stdin handler" [_thread_blocked, id=5764, stack(0x0000000022940000,0x0000000022a40000)]
  0x000000001b143000 JavaThread "Asynchronous log dispatcher for DefaultDaemonConnection: socket connection from /127.0.0.1:58135 to /127.0.0.1:64090" [_thread_blocked, id=4488, stack(0x0000000022840000,0x0000000022940000)]
  0x000000001b13c800 JavaThread "Daemon worker Thread 21" [_thread_blocked, id=1044, stack(0x0000000021b40000,0x0000000021c40000)]
  0x000000001b13e800 JavaThread "Cancel handler" [_thread_blocked, id=8504, stack(0x0000000021040000,0x0000000021140000)]
  0x000000001b13e000 JavaThread "Handler for socket connection from /127.0.0.1:58135 to /127.0.0.1:64090" [_thread_in_native, id=3316, stack(0x000000001c040000,0x000000001c140000)]
  0x000000001b13d000 JavaThread "Daemon Thread 21" [_thread_blocked, id=7744, stack(0x000000001bd40000,0x000000001be40000)]
  0x000000001b142800 JavaThread "File lock request listener" [_thread_in_native, id=7032, stack(0x000000001ed70000,0x000000001ee70000)]
  0x0000000019479000 JavaThread "Incoming local TCP Connector on port 58135" [_thread_in_native, id=7432, stack(0x000000001b700000,0x000000001b800000)]
  0x000000001946e000 JavaThread "pool-1-thread-1" [_thread_blocked, id=3560, stack(0x000000001b400000,0x000000001b500000)]
  0x0000000018330800 JavaThread "Service Thread" daemon [_thread_blocked, id=5976, stack(0x0000000018700000,0x0000000018800000)]
  0x00000000169be800 JavaThread "C1 CompilerThread2" daemon [_thread_blocked, id=8228, stack(0x0000000018200000,0x0000000018300000)]
  0x00000000169b1800 JavaThread "C2 CompilerThread1" daemon [_thread_blocked, id=10012, stack(0x0000000018100000,0x0000000018200000)]
  0x00000000169ae000 JavaThread "C2 CompilerThread0" daemon [_thread_blocked, id=2472, stack(0x0000000018000000,0x0000000018100000)]
  0x00000000169ac000 JavaThread "Attach Listener" daemon [_thread_blocked, id=4416, stack(0x0000000017f00000,0x0000000018000000)]
  0x00000000169ab000 JavaThread "Signal Dispatcher" daemon [_thread_blocked, id=5736, stack(0x0000000017e00000,0x0000000017f00000)]
  0x0000000016999800 JavaThread "Finalizer" daemon [_thread_blocked, id=9264, stack(0x0000000017c10000,0x0000000017d10000)]
  0x0000000003030000 JavaThread "Reference Handler" daemon [_thread_blocked, id=7212, stack(0x0000000017b10000,0x0000000017c10000)]
  0x0000000002f40800 JavaThread "main" [_thread_blocked, id=10208, stack(0x0000000002e40000,0x0000000002f40000)]

Other Threads:
  0x0000000016978000 VMThread [stack: 0x0000000017a10000,0x0000000017b10000] [id=2220]
  0x0000000018352000 WatcherThread [stack: 0x0000000018800000,0x0000000018900000] [id=9332]

VM state:not at safepoint (normal execution)

VM Mutex/Monitor currently owned by a thread: None

Heap:
 PSYoungGen      total 425472K, used 132749K [0x00000000e0000000, 0x00000000ff680000, 0x0000000100000000)
  eden space 341504K, 24% used [0x00000000e0000000,0x00000000e530d868,0x00000000f4d80000)
  from space 83968K, 56% used [0x00000000fa480000,0x00000000fd315e20,0x00000000ff680000)
  to   space 86528K, 0% used [0x00000000f4d80000,0x00000000f4d80000,0x00000000fa200000)
 ParOldGen       total 359936K, used 259383K [0x00000000a0000000, 0x00000000b5f80000, 0x00000000e0000000)
  object space 359936K, 72% used [0x00000000a0000000,0x00000000afd4dcf8,0x00000000b5f80000)
 Metaspace       used 85437K, capacity 91698K, committed 93144K, reserved 1130496K
  class space    used 11004K, capacity 11792K, committed 12248K, reserved 1048576K

Card table byte_map: [0x0000000012400000,0x0000000012710000] byte_map_base: 0x0000000011f00000

Marking Bits: (ParMarkBitMap*) 0x00000000544db6d0
 Begin Bits: [0x0000000012d10000, 0x0000000014510000)
 End Bits:   [0x0000000014510000, 0x0000000015d10000)

Polling page: 0x0000000002d90000

CodeCache: size=245760Kb used=69293Kb max_used=69394Kb free=176466Kb
 bounds [0x0000000003040000, 0x00000000074a0000, 0x0000000012040000]
 total_blobs=20049 nmethods=19235 adapters=722
 compilation: enabled

Compilation events (10 events):
Event: 9538.857 Thread 0x00000000169be800 nmethod 25486 0x00000000031e6ad0 code [0x00000000031e6c20, 0x00000000031e6d70]
Event: 9538.858 Thread 0x00000000169be800 25487       3       com.android.jack.dx.dex.file.HeaderItem::itemType (4 bytes)
Event: 9538.858 Thread 0x00000000169be800 nmethod 25487 0x000000000385c3d0 code [0x000000000385c520, 0x000000000385c670]
Event: 9538.858 Thread 0x00000000169b1800 25488 %     4       com.android.jack.dx.dex.code.DalvInsnList::getOutsSize @ 9 (60 bytes)
Event: 9538.864 Thread 0x00000000169b1800 nmethod 25488% 0x000000000520dd90 code [0x000000000520df00, 0x000000000520e2f8]
Event: 9538.891 Thread 0x00000000169ae000 nmethod 25480% 0x0000000005782fd0 code [0x0000000005783220, 0x0000000005784330]
Event: 9539.148 Thread 0x00000000169be800 25489       3       com.android.sched.vfs.GenericInputOutputVFile::getPathFromRoot (10 bytes)
Event: 9539.149 Thread 0x00000000169be800 nmethod 25489 0x000000000485eb90 code [0x000000000485ed00, 0x000000000485ef28]
Event: 9540.328 Thread 0x00000000169b1800 25490       4       com.android.jack.dx.dex.file.ClassDefsSection::orderItems (70 bytes)
Event: 9540.338 Thread 0x00000000169b1800 nmethod 25490 0x0000000005e66650 code [0x0000000005e66800, 0x0000000005e66eb8]

GC Heap History (10 events):
Event: 9355.088 GC heap before
{Heap before GC invocations=97 (full 9):
 PSYoungGen      total 422400K, used 360878K [0x00000000e0000000, 0x0000000100000000, 0x0000000100000000)
  eden space 320512K, 99% used [0x00000000e0000000,0x00000000f37fe2c0,0x00000000f3900000)
  from space 101888K, 40% used [0x00000000f3900000,0x00000000f616d7e8,0x00000000f9c80000)
  to   space 97792K, 0% used [0x00000000fa080000,0x00000000fa080000,0x0000000100000000)
 ParOldGen       total 359936K, used 194883K [0x00000000a0000000, 0x00000000b5f80000, 0x00000000e0000000)
  object space 359936K, 54% used [0x00000000a0000000,0x00000000abe50c10,0x00000000b5f80000)
 Metaspace       used 85313K, capacity 91522K, committed 93144K, reserved 1130496K
  class space    used 10988K, capacity 11776K, committed 12248K, reserved 1048576K
Event: 9355.131 GC heap after
Heap after GC invocations=97 (full 9):
 PSYoungGen      total 414208K, used 27209K [0x00000000e0000000, 0x00000000ff800000, 0x0000000100000000)
  eden space 324608K, 0% used [0x00000000e0000000,0x00000000e0000000,0x00000000f3d00000)
  from space 89600K, 30% used [0x00000000fa080000,0x00000000fbb126e0,0x00000000ff800000)
  to   space 95744K, 0% used [0x00000000f3d00000,0x00000000f3d00000,0x00000000f9a80000)
 ParOldGen       total 359936K, used 213635K [0x00000000a0000000, 0x00000000b5f80000, 0x00000000e0000000)
  object space 359936K, 59% used [0x00000000a0000000,0x00000000ad0a0c70,0x00000000b5f80000)
 Metaspace       used 85313K, capacity 91522K, committed 93144K, reserved 1130496K
  class space    used 10988K, capacity 11776K, committed 12248K, reserved 1048576K
}
Event: 9407.070 GC heap before
{Heap before GC invocations=98 (full 9):
 PSYoungGen      total 414208K, used 351817K [0x00000000e0000000, 0x00000000ff800000, 0x0000000100000000)
  eden space 324608K, 100% used [0x00000000e0000000,0x00000000f3d00000,0x00000000f3d00000)
  from space 89600K, 30% used [0x00000000fa080000,0x00000000fbb126e0,0x00000000ff800000)
  to   space 95744K, 0% used [0x00000000f3d00000,0x00000000f3d00000,0x00000000f9a80000)
 ParOldGen       total 359936K, used 213635K [0x00000000a0000000, 0x00000000b5f80000, 0x00000000e0000000)
  object space 359936K, 59% used [0x00000000a0000000,0x00000000ad0a0c70,0x00000000b5f80000)
 Metaspace       used 85373K, capacity 91610K, committed 93144K, reserved 1130496K
  class space    used 10996K, capacity 11784K, committed 12248K, reserved 1048576K
Event: 9407.114 GC heap after
Heap after GC invocations=98 (full 9):
 PSYoungGen      total 420352K, used 45598K [0x00000000e0000000, 0x00000000ffd00000, 0x0000000100000000)
  eden space 324608K, 0% used [0x00000000e0000000,0x00000000e0000000,0x00000000f3d00000)
  from space 95744K, 47% used [0x00000000f3d00000,0x00000000f6987a00,0x00000000f9a80000)
  to   space 91136K, 0% used [0x00000000fa400000,0x00000000fa400000,0x00000000ffd00000)
 ParOldGen       total 359936K, used 215963K [0x00000000a0000000, 0x00000000b5f80000, 0x00000000e0000000)
  object space 359936K, 60% used [0x00000000a0000000,0x00000000ad2e6ca0,0x00000000b5f80000)
 Metaspace       used 85373K, capacity 91610K, committed 93144K, reserved 1130496K
  class space    used 10996K, capacity 11784K, committed 12248K, reserved 1048576K
}
Event: 9408.438 GC heap before
{Heap before GC invocations=99 (full 9):
 PSYoungGen      total 420352K, used 370206K [0x00000000e0000000, 0x00000000ffd00000, 0x0000000100000000)
  eden space 324608K, 100% used [0x00000000e0000000,0x00000000f3d00000,0x00000000f3d00000)
  from space 95744K, 47% used [0x00000000f3d00000,0x00000000f6987a00,0x00000000f9a80000)
  to   space 91136K, 0% used [0x00000000fa400000,0x00000000fa400000,0x00000000ffd00000)
 ParOldGen       total 359936K, used 215963K [0x00000000a0000000, 0x00000000b5f80000, 0x00000000e0000000)
  object space 359936K, 60% used [0x00000000a0000000,0x00000000ad2e6ca0,0x00000000b5f80000)
 Metaspace       used 85373K, capacity 91610K, committed 93144K, reserved 1130496K
  class space    used 10996K, capacity 11784K, committed 12248K, reserved 1048576K
Event: 9408.539 GC heap after
Heap after GC invocations=99 (full 9):
 PSYoungGen      total 428544K, used 61026K [0x00000000e0000000, 0x00000000ffe80000, 0x0000000100000000)
  eden space 337408K, 0% used [0x00000000e0000000,0x00000000e0000000,0x00000000f4980000)
  from space 91136K, 66% used [0x00000000fa400000,0x00000000fdf98aa8,0x00000000ffd00000)
  to   space 92672K, 0% used [0x00000000f4980000,0x00000000f4980000,0x00000000fa400000)
 ParOldGen       total 359936K, used 245719K [0x00000000a0000000, 0x00000000b5f80000, 0x00000000e0000000)
  object space 359936K, 68% used [0x00000000a0000000,0x00000000aeff5cb8,0x00000000b5f80000)
 Metaspace       used 85373K, capacity 91610K, committed 93144K, reserved 1130496K
  class space    used 10996K, capacity 11784K, committed 12248K, reserved 1048576K
}
Event: 9538.129 GC heap before
{Heap before GC invocations=100 (full 9):
 PSYoungGen      total 428544K, used 398434K [0x00000000e0000000, 0x00000000ffe80000, 0x0000000100000000)
  eden space 337408K, 100% used [0x00000000e0000000,0x00000000f4980000,0x00000000f4980000)
  from space 91136K, 66% used [0x00000000fa400000,0x00000000fdf98aa8,0x00000000ffd00000)
  to   space 92672K, 0% used [0x00000000f4980000,0x00000000f4980000,0x00000000fa400000)
 ParOldGen       total 359936K, used 245719K [0x00000000a0000000, 0x00000000b5f80000, 0x00000000e0000000)
  object space 359936K, 68% used [0x00000000a0000000,0x00000000aeff5cb8,0x00000000b5f80000)
 Metaspace       used 85422K, capacity 91698K, committed 93144K, reserved 1130496K
  class space    used 11004K, capacity 11792K, committed 12248K, reserved 1048576K
Event: 9538.219 GC heap after
Heap after GC invocations=100 (full 9):
 PSYoungGen      total 430080K, used 34169K [0x00000000e0000000, 0x00000000ffc80000, 0x0000000100000000)
  eden space 337408K, 0% used [0x00000000e0000000,0x00000000e0000000,0x00000000f4980000)
  from space 92672K, 36% used [0x00000000f4980000,0x00000000f6ade640,0x00000000fa400000)
  to   space 90112K, 0% used [0x00000000fa480000,0x00000000fa480000,0x00000000ffc80000)
 ParOldGen       total 359936K, used 245759K [0x00000000a0000000, 0x00000000b5f80000, 0x00000000e0000000)
  object space 359936K, 68% used [0x00000000a0000000,0x00000000aefffcb8,0x00000000b5f80000)
 Metaspace       used 85422K, capacity 91698K, committed 93144K, reserved 1130496K
  class space    used 11004K, capacity 11792K, committed 12248K, reserved 1048576K
}
Event: 9539.864 GC heap before
{Heap before GC invocations=101 (full 9):
 PSYoungGen      total 430080K, used 371577K [0x00000000e0000000, 0x00000000ffc80000, 0x0000000100000000)
  eden space 337408K, 100% used [0x00000000e0000000,0x00000000f4980000,0x00000000f4980000)
  from space 92672K, 36% used [0x00000000f4980000,0x00000000f6ade640,0x00000000fa400000)
  to   space 90112K, 0% used [0x00000000fa480000,0x00000000fa480000,0x00000000ffc80000)
 ParOldGen       total 359936K, used 245759K [0x00000000a0000000, 0x00000000b5f80000, 0x00000000e0000000)
  object space 359936K, 68% used [0x00000000a0000000,0x00000000aefffcb8,0x00000000b5f80000)
 Metaspace       used 85437K, capacity 91698K, committed 93144K, reserved 1130496K
  class space    used 11004K, capacity 11792K, committed 12248K, reserved 1048576K
Event: 9539.970 GC heap after
Heap after GC invocations=101 (full 9):
 PSYoungGen      total 425472K, used 47703K [0x00000000e0000000, 0x00000000ff680000, 0x0000000100000000)
  eden space 341504K, 0% used [0x00000000e0000000,0x00000000e0000000,0x00000000f4d80000)
  from space 83968K, 56% used [0x00000000fa480000,0x00000000fd315e20,0x00000000ff680000)
  to   space 86528K, 0% used [0x00000000f4d80000,0x00000000f4d80000,0x00000000fa200000)
 ParOldGen       total 359936K, used 259383K [0x00000000a0000000, 0x00000000b5f80000, 0x00000000e0000000)
  object space 359936K, 72% used [0x00000000a0000000,0x00000000afd4dcf8,0x00000000b5f80000)
 Metaspace       used 85437K, capacity 91698K, committed 93144K, reserved 1130496K
  class space    used 11004K, capacity 11792K, committed 12248K, reserved 1048576K
}

Deoptimization events (10 events):
Event: 8746.693 Thread 0x000000001b13e800 Uncommon trap: reason=class_check action=maybe_recompile pc=0x00000000031f7e58 method=org.gradle.model.internal.core.DefaultModelRegistration.<init>(Lorg/gradle/model/internal/core/ModelPath;Lorg/gradle/model/internal/core/rule/describe/ModelRuleDescripto
Event: 8746.693 Thread 0x000000001b13e800 Uncommon trap: reason=class_check action=maybe_recompile pc=0x00000000031f7e58 method=org.gradle.model.internal.core.DefaultModelRegistration.<init>(Lorg/gradle/model/internal/core/ModelPath;Lorg/gradle/model/internal/core/rule/describe/ModelRuleDescripto
Event: 8746.986 Thread 0x000000001b13e800 Uncommon trap: reason=unstable_if action=reinterpret pc=0x0000000003297c50 method=java.lang.ref.SoftReference.get()Ljava/lang/Object; @ 6
Event: 8747.699 Thread 0x000000001c8f0800 Uncommon trap: reason=array_check action=maybe_recompile pc=0x00000000061a6d08 method=java.util.TimSort.mergeLo(IIII)V @ 590
Event: 8747.699 Thread 0x000000001c8f0800 Uncommon trap: reason=array_check action=maybe_recompile pc=0x00000000061a6d08 method=java.util.TimSort.mergeLo(IIII)V @ 590
Event: 8751.381 Thread 0x000000001b13e800 Uncommon trap: reason=null_check action=make_not_entrant pc=0x0000000007271a48 method=com.android.apkzlib.sign.SignatureExtension.setDigestForEntry(Lcom/android/apkzlib/zip/StoredEntry;)V @ 96
Event: 9157.505 Thread 0x000000001b143000 Uncommon trap: reason=array_check action=maybe_recompile pc=0x00000000072c25e8 method=java.util.TimSort.mergeLo(IIII)V @ 375
Event: 9157.505 Thread 0x000000001b143000 Uncommon trap: reason=array_check action=maybe_recompile pc=0x00000000072c25e8 method=java.util.TimSort.mergeLo(IIII)V @ 375
Event: 9351.922 Thread 0x000000001c8e3000 Uncommon trap: reason=array_check action=maybe_recompile pc=0x00000000072720a0 method=java.util.TimSort.mergeLo(IIII)V @ 468
Event: 9351.922 Thread 0x000000001c8e3000 Uncommon trap: reason=array_check action=maybe_recompile pc=0x00000000072720a0 method=java.util.TimSort.mergeLo(IIII)V @ 468

Internal exceptions (10 events):
Event: 9536.893 Thread 0x000000001b13c800 Exception <a 'sun/nio/fs/WindowsException'> (0x00000000f0681698) thrown at [C:\re\workspace\8-2-build-windows-amd64-cygwin\jdk8u121\8372\hotspot\src\share\vm\prims\jni.cpp, line 709]
Event: 9536.893 Thread 0x000000001b13c800 Exception <a 'sun/nio/fs/WindowsException'> (0x00000000f0682278) thrown at [C:\re\workspace\8-2-build-windows-amd64-cygwin\jdk8u121\8372\hotspot\src\share\vm\prims\jni.cpp, line 709]
Event: 9536.893 Thread 0x000000001b13c800 Exception <a 'sun/nio/fs/WindowsException'> (0x00000000f0683e90) thrown at [C:\re\workspace\8-2-build-windows-amd64-cygwin\jdk8u121\8372\hotspot\src\share\vm\prims\jni.cpp, line 709]
Event: 9536.893 Thread 0x000000001b13c800 Exception <a 'sun/nio/fs/WindowsException'> (0x00000000f0684ab0) thrown at [C:\re\workspace\8-2-build-windows-amd64-cygwin\jdk8u121\8372\hotspot\src\share\vm\prims\jni.cpp, line 709]
Event: 9536.893 Thread 0x000000001b13c800 Exception <a 'sun/nio/fs/WindowsException'> (0x00000000f0687638) thrown at [C:\re\workspace\8-2-build-windows-amd64-cygwin\jdk8u121\8372\hotspot\src\share\vm\prims\jni.cpp, line 709]
Event: 9536.893 Thread 0x000000001b13c800 Exception <a 'sun/nio/fs/WindowsException'> (0x00000000f0688290) thrown at [C:\re\workspace\8-2-build-windows-amd64-cygwin\jdk8u121\8372\hotspot\src\share\vm\prims\jni.cpp, line 709]
Event: 9536.893 Thread 0x000000001b13c800 Exception <a 'sun/nio/fs/WindowsException'> (0x00000000f0689f20) thrown at [C:\re\workspace\8-2-build-windows-amd64-cygwin\jdk8u121\8372\hotspot\src\share\vm\prims\jni.cpp, line 709]
Event: 9536.893 Thread 0x000000001b13c800 Exception <a 'sun/nio/fs/WindowsException'> (0x00000000f068abb8) thrown at [C:\re\workspace\8-2-build-windows-amd64-cygwin\jdk8u121\8372\hotspot\src\share\vm\prims\jni.cpp, line 709]
Event: 9537.413 Thread 0x000000001b13c800 Exception <a 'java/lang/NullPointerException'> (0x00000000f18cfc90) thrown at [C:\re\workspace\8-2-build-windows-amd64-cygwin\jdk8u121\8372\hotspot\src\share\vm\interpreter\linkResolver.cpp, line 1280]
Event: 9540.447 Thread 0x000000001c8ed800 Implicit null exception at 0x0000000003391b68 to 0x0000000000000000

Events (10 events):
Event: 9539.643 Executing VM operation: BulkRevokeBias done
Event: 9539.643 Executing VM operation: BulkRevokeBias
Event: 9539.644 Executing VM operation: BulkRevokeBias done
Event: 9539.644 Executing VM operation: BulkRevokeBias
Event: 9539.644 Executing VM operation: BulkRevokeBias done
Event: 9539.864 Executing VM operation: ParallelGCFailedAllocation
Event: 9539.970 Executing VM operation: ParallelGCFailedAllocation done
Event: 9540.328 Thread 0x000000001c8ed800 DEOPT PACKING pc=0x0000000003f7b759 sp=0x0000000024baeaa0
Event: 9540.339 Thread 0x00000000169b1800 flushing nmethod 0x0000000004d39e90
Event: 9540.372 Thread 0x000000001c8ed800 DEOPT UNPACKING pc=0x000000000308747f sp=0x0000000024bae848 mode 0


Dynamic libraries:
0x00007ff763d90000 - 0x00007ff763dc7000 	C:\Program Files\Java\jdk1.8.0_121\bin\java.exe
0x00007ffc79bd0000 - 0x00007ffc79da1000 	C:\Windows\SYSTEM32\ntdll.dll
0x00007ffc77b20000 - 0x00007ffc77bcc000 	C:\Windows\System32\KERNEL32.DLL
0x00007ffc76e80000 - 0x00007ffc7709d000 	C:\Windows\System32\KERNELBASE.dll
0x00007ffc77d20000 - 0x00007ffc77dc2000 	C:\Windows\System32\ADVAPI32.dll
0x00007ffc77c10000 - 0x00007ffc77cae000 	C:\Windows\System32\msvcrt.dll
0x00007ffc77850000 - 0x00007ffc778a9000 	C:\Windows\System32\sechost.dll
0x00007ffc77440000 - 0x00007ffc77561000 	C:\Windows\System32\RPCRT4.dll
0x00007ffc776e0000 - 0x00007ffc77845000 	C:\Windows\System32\USER32.dll
0x00007ffc761e0000 - 0x00007ffc761fe000 	C:\Windows\System32\win32u.dll
0x00007ffc77bd0000 - 0x00007ffc77c04000 	C:\Windows\System32\GDI32.dll
0x00007ffc76520000 - 0x00007ffc766a0000 	C:\Windows\System32\gdi32full.dll
0x00007ffc6fe90000 - 0x00007ffc7010a000 	C:\Windows\WinSxS\amd64_microsoft.windows.common-controls_6595b64144ccf1df_6.0.14393.953_none_42151e83c686086b\COMCTL32.dll
0x00007ffc77170000 - 0x00007ffc77438000 	C:\Windows\System32\combase.dll
0x00007ffc76d80000 - 0x00007ffc76e75000 	C:\Windows\System32\ucrtbase.dll
0x00007ffc770a0000 - 0x00007ffc7710a000 	C:\Windows\System32\bcryptPrimitives.dll
0x00007ffc79ba0000 - 0x00007ffc79bce000 	C:\Windows\System32\IMM32.DLL
0x0000000054560000 - 0x0000000054632000 	C:\Program Files\Java\jdk1.8.0_121\jre\bin\msvcr100.dll
0x0000000053cc0000 - 0x000000005455b000 	C:\Program Files\Java\jdk1.8.0_121\jre\bin\server\jvm.dll
0x00007ffc778b0000 - 0x00007ffc778b8000 	C:\Windows\System32\PSAPI.DLL
0x00007ffc74030000 - 0x00007ffc74053000 	C:\Windows\SYSTEM32\WINMM.dll
0x00007ffc6fc20000 - 0x00007ffc6fc2a000 	C:\Windows\SYSTEM32\VERSION.dll
0x00007ffc64f30000 - 0x00007ffc64f39000 	C:\Windows\SYSTEM32\WSOCK32.dll
0x00007ffc77cb0000 - 0x00007ffc77d1a000 	C:\Windows\System32\WS2_32.dll
0x0000000002d60000 - 0x0000000002d8b000 	C:\Windows\SYSTEM32\WINMMBASE.dll
0x00007ffc77110000 - 0x00007ffc77152000 	C:\Windows\System32\cfgmgr32.dll
0x0000000053cb0000 - 0x0000000053cbf000 	C:\Program Files\Java\jdk1.8.0_121\jre\bin\verify.dll
0x0000000053c80000 - 0x0000000053ca9000 	C:\Program Files\Java\jdk1.8.0_121\jre\bin\java.dll
0x0000000053c60000 - 0x0000000053c76000 	C:\Program Files\Java\jdk1.8.0_121\jre\bin\zip.dll
0x00007ffc78090000 - 0x00007ffc79598000 	C:\Windows\System32\SHELL32.dll
0x00007ffc766a0000 - 0x00007ffc76d7a000 	C:\Windows\System32\windows.storage.dll
0x00007ffc76080000 - 0x00007ffc760cc000 	C:\Windows\System32\powrprof.dll
0x00007ffc77ac0000 - 0x00007ffc77b12000 	C:\Windows\System32\shlwapi.dll
0x00007ffc76070000 - 0x00007ffc7607f000 	C:\Windows\System32\kernel.appcore.dll
0x00007ffc76200000 - 0x00007ffc762a9000 	C:\Windows\System32\shcore.dll
0x00007ffc76040000 - 0x00007ffc76054000 	C:\Windows\System32\profapi.dll
0x0000000053c40000 - 0x0000000053c5a000 	C:\Program Files\Java\jdk1.8.0_121\jre\bin\net.dll
0x00007ffc75970000 - 0x00007ffc759cc000 	C:\Windows\system32\mswsock.dll
0x0000000053c20000 - 0x0000000053c31000 	C:\Program Files\Java\jdk1.8.0_121\jre\bin\nio.dll
0x00007ffc548f0000 - 0x00007ffc5490e000 	C:\Users\Pavel\.gradle\native\23\windows-amd64\native-platform.dll
0x00007ffc75b10000 - 0x00007ffc75b27000 	C:\Windows\SYSTEM32\CRYPTSP.dll
0x00007ffc75570000 - 0x00007ffc755a3000 	C:\Windows\system32\rsaenh.dll
0x00007ffc75c20000 - 0x00007ffc75c4b000 	C:\Windows\SYSTEM32\bcrypt.dll
0x00007ffc757f0000 - 0x00007ffc7580f000 	C:\Windows\SYSTEM32\USERENV.dll
0x00007ffc75b30000 - 0x00007ffc75b3b000 	C:\Windows\SYSTEM32\CRYPTBASE.dll
0x00007ffc756f0000 - 0x00007ffc75728000 	C:\Windows\SYSTEM32\IPHLPAPI.DLL
0x00007ffc77160000 - 0x00007ffc77168000 	C:\Windows\System32\NSI.dll
0x00007ffc721b0000 - 0x00007ffc721c6000 	C:\Windows\SYSTEM32\dhcpcsvc6.DLL
0x00007ffc72120000 - 0x00007ffc7213a000 	C:\Windows\SYSTEM32\dhcpcsvc.DLL
0x0000000053c10000 - 0x0000000053c1d000 	C:\Program Files\Java\jdk1.8.0_121\jre\bin\management.dll
0x0000000053950000 - 0x0000000053974000 	C:\Program Files\Java\jdk1.8.0_121\jre\bin\sunec.dll
0x0000000053940000 - 0x000000005394b000 	C:\Program Files\Java\jdk1.8.0_121\jre\bin\sunmscapi.dll
0x00007ffc762b0000 - 0x00007ffc76479000 	C:\Windows\System32\CRYPT32.dll
0x00007ffc76060000 - 0x00007ffc76070000 	C:\Windows\System32\MSASN1.dll
0x00007ffc66f70000 - 0x00007ffc67102000 	C:\Windows\SYSTEM32\dbghelp.dll

VM Arguments:
jvm_args: -Xmx1536m -Dfile.encoding=windows-1251 -Duser.country=RU -Duser.language=ru -Duser.variant 
java_command: org.gradle.launcher.daemon.bootstrap.GradleDaemon 3.3
java_class_path (initial): C:\Users\Pavel\.gradle\wrapper\dists\gradle-3.3-all\55gk2rcmfc6p2dg9u9ohc3hw9\gradle-3.3\lib\gradle-launcher-3.3.jar
Launcher Type: SUN_STANDARD

Environment Variables:
JAVA_HOME=C:\Program Files\Java\jdk1.8.0_121
PATH=C:\ProgramData\Oracle\Java\javapath;C:\ProgramData\Oracle\Java\javapath\jdk1.8.0_121;C:\Program Files (x86)\NVIDIA Corporation\PhysX\Common;C:\Windows\system32;C:\Windows;C:\Windows\System32\Wbem;C:\Windows\System32\WindowsPowerShell\v1.0\;C:\Program Files (x86)\QuickTime\QTSystem\;C:\Program Files\Git\cmd;C:\Users\Pavel\AppData\Local\Microsoft\WindowsApps;C:\Program Files\Java\jdk1.8.0_121\bin
USERNAME=Pavel
OS=Windows_NT
PROCESSOR_IDENTIFIER=AMD64 Family 16 Model 4 Stepping 3, AuthenticAMD



---------------  S Y S T E M  ---------------

OS: Windows 10.0 , 64 bit Build 14393 (10.0.14393.1198)

CPU:total 4 (4 cores per cpu, 1 threads per core) family 16 model 4 stepping 3, cmov, cx8, fxsr, mmx, sse, sse2, sse3, popcnt, mmxext, 3dnowpref, lzcnt, sse4a, tsc, tscinvbit, tscinv

Memory: 4k page, physical 6290676k(920292k free), swap 12758396k(3533520k free)

vm_info: Java HotSpot(TM) 64-Bit Server VM (25.121-b13) for windows-amd64 JRE (1.8.0_121-b13), built on Dec 12 2016 18:21:36 by "java_re" with MS VC++ 10.0 (VS2010)

time: Sat Jul 29 01:59:41 2017
elapsed time: 9540 seconds (0d 2h 39m 0s)

