#
# A fatal error has been detected by the Java Runtime Environment:
#
#  EXCEPTION_ACCESS_VIOLATION (0xc0000005) at pc=0x000000000511a568, pid=8128, tid=0x0000000000002270
#
# JRE version: Java(TM) SE Runtime Environment (8.0_121-b13) (build 1.8.0_121-b13)
# Java VM: Java HotSpot(TM) 64-Bit Server VM (25.121-b13 mixed mode windows-amd64 compressed oops)
# Problematic frame:
# J 12422 C2 com.android.jack.tools.merger.ConstantManager.addDexFile(Lcom/android/jack/dx/io/DexBuffer;)Lcom/android/jack/dx/rop/cst/CstIndexMap; (1042 bytes) @ 0x000000000511a568 [0x0000000005117200+0x3368]
#
# Failed to write core dump. Minidumps are not enabled by default on client versions of Windows
#
# If you would like to submit a bug report, please visit:
#   http://bugreport.java.com/bugreport/crash.jsp
#

---------------  T H R E A D  ---------------

Current thread (0x000000002323d000):  JavaThread "config-6-worker-2" daemon [_thread_in_Java, id=8816, stack(0x0000000024530000,0x0000000024730000)]

siginfo: ExceptionCode=0xc0000005, reading address 0x0000000000000011

Registers:
RAX=0x00000000e7d3de10, RBX=0x000000000000000a, RCX=0x000000002916a600, RDX=0x00000000e7d3b8f0
RSP=0x000000002472ee90, RBP=0x00000000e44929a0, RSI=0x00000000a27d64c4, RDI=0x00000000aebeaa27
R8 =0x0000000029169ab9, R9 =0x00000000e7d3b8f0, R10=0x0000000000000005, R11=0x0000000000000000
R12=0x0000000000000000, R13=0x00000000e7d37e40, R14=0x0000000000000001, R15=0x000000002323d000
RIP=0x000000000511a568, EFLAGS=0x0000000000010246

Top of Stack: (sp=0x000000002472ee90)
0x000000002472ee90:   0000000000002000 00000000e7d26830
0x000000002472eea0:   000000002323d000 0000000000000000
0x000000002472eeb0:   00000000e0b7b0a8 00000000e7d263f8
0x000000002472eec0:   0000000100090560 00000000e7d3d220
0x000000002472eed0:   00000000e7d3d238 000000010001c2e8
0x000000002472eee0:   000000010002c9b8 00000000e7d3c8f0
0x000000002472eef0:   0000000100956690 e7d3de10a25305b8
0x000000002472ef00:   0000002500000000 00000000e7d3ddc0
0x000000002472ef10:   00000000e7d3de10 e576a1c0a27ddb00
0x000000002472ef20:   0000000429168f16 e10cedb8e7d3dd28
0x000000002472ef30:   00000000e0b7b150 e7d3db6800000025
0x000000002472ef40:   00000000e448ed38 0000000000000005
0x000000002472ef50:   00000000e30ca360 00000000e30c9868
0x000000002472ef60:   00000004a0000c68 00000000a0000c68
0x000000002472ef70:   0000000000000000 0000000000000002
0x000000002472ef80:   0000000000000000 0000000000000000 

Instructions: (pc=0x000000000511a568)
0x000000000511a548:   24 b8 00 00 00 45 33 db 44 89 5c 24 70 66 66 66
0x000000000511a558:   0f 1f 84 00 00 00 00 00 4c 8b 94 24 b8 00 00 00
0x000000000511a568:   45 8b 52 0c 44 3b 94 24 90 00 00 00 0f 85 66 01
0x000000000511a578:   00 00 4c 8b 94 24 b8 00 00 00 45 8b 5a 10 44 89 


Register to memory mapping:

RAX=0x00000000e7d3de10 is an oop
com.android.jack.dx.rop.cst.CstFieldRef 
 - klass: 'com/android/jack/dx/rop/cst/CstFieldRef'
RBX=0x000000000000000a is an unknown value
RCX=0x000000002916a600 is an unknown value
RDX=0x00000000e7d3b8f0 is an oop
java.util.Arrays$ArrayList 
 - klass: 'java/util/Arrays$ArrayList'
RSP=0x000000002472ee90 is pointing into the stack for thread: 0x000000002323d000
RBP=0x00000000e44929a0 is an oop

[error occurred during error reporting (printing register info), id 0xc0000005]

Stack: [0x0000000024530000,0x0000000024730000],  sp=0x000000002472ee90,  free space=2043k
Native frames: (J=compiled Java code, j=interpreted, Vv=VM code, C=native code)
C  0x000000000511a568


---------------  P R O C E S S  ---------------

Java Threads: ( => current thread )
  0x000000002323e800 JavaThread "config-6-worker-3" daemon [_thread_blocked, id=9796, stack(0x0000000024730000,0x0000000024930000)]
=>0x000000002323d000 JavaThread "config-6-worker-2" daemon [_thread_in_Java, id=8816, stack(0x0000000024530000,0x0000000024730000)]
  0x000000002323c000 JavaThread "config-6-worker-1" daemon [_thread_blocked, id=5212, stack(0x0000000024330000,0x0000000024530000)]
  0x000000002323a800 JavaThread "config-6-worker-0" daemon [_thread_blocked, id=4572, stack(0x0000000024130000,0x0000000024330000)]
  0x0000000023231000 JavaThread "Jack reporter" [_thread_blocked, id=3828, stack(0x0000000021b90000,0x0000000021c90000)]
  0x0000000023236000 JavaThread "Cache update executor" [_thread_blocked, id=6908, stack(0x0000000021290000,0x0000000021390000)]
  0x0000000023234000 JavaThread "Stdin handler" [_thread_blocked, id=1144, stack(0x000000001c0c0000,0x000000001c1c0000)]
  0x0000000023235800 JavaThread "Asynchronous log dispatcher for DefaultDaemonConnection: socket connection from /127.0.0.1:50966 to /127.0.0.1:54100" [_thread_blocked, id=1980, stack(0x000000001bfc0000,0x000000001c0c0000)]
  0x0000000023232800 JavaThread "Daemon worker Thread 4" [_thread_blocked, id=7756, stack(0x000000001bec0000,0x000000001bfc0000)]
  0x0000000023234800 JavaThread "Cancel handler" [_thread_blocked, id=5412, stack(0x000000001bdc0000,0x000000001bec0000)]
  0x0000000023231800 JavaThread "Handler for socket connection from /127.0.0.1:50966 to /127.0.0.1:54100" [_thread_in_native, id=5160, stack(0x000000001bcc0000,0x000000001bdc0000)]
  0x0000000023233000 JavaThread "Daemon Thread 4" [_thread_blocked, id=9336, stack(0x000000001bbc0000,0x000000001bcc0000)]
  0x000000001b30f800 JavaThread "File lock request listener" [_thread_in_native, id=4496, stack(0x000000001e560000,0x000000001e660000)]
  0x000000001996f000 JavaThread "Incoming local TCP Connector on port 50966" [_thread_in_native, id=388, stack(0x000000001b780000,0x000000001b880000)]
  0x00000000198d9000 JavaThread "pool-1-thread-1" [_thread_blocked, id=9780, stack(0x000000001b480000,0x000000001b580000)]
  0x0000000016aad000 JavaThread "Service Thread" daemon [_thread_blocked, id=4940, stack(0x00000000187a0000,0x00000000188a0000)]
  0x0000000016a55800 JavaThread "C1 CompilerThread2" daemon [_thread_blocked, id=8500, stack(0x00000000182a0000,0x00000000183a0000)]
  0x0000000016a52800 JavaThread "C2 CompilerThread1" daemon [_thread_blocked, id=5144, stack(0x00000000181a0000,0x00000000182a0000)]
  0x0000000016a4f800 JavaThread "C2 CompilerThread0" daemon [_thread_blocked, id=6024, stack(0x00000000180a0000,0x00000000181a0000)]
  0x0000000016a4d800 JavaThread "Attach Listener" daemon [_thread_blocked, id=3472, stack(0x0000000017fa0000,0x00000000180a0000)]
  0x0000000016a4c000 JavaThread "Signal Dispatcher" daemon [_thread_blocked, id=5476, stack(0x0000000017ea0000,0x0000000017fa0000)]
  0x0000000016a39800 JavaThread "Finalizer" daemon [_thread_blocked, id=4612, stack(0x0000000017cb0000,0x0000000017db0000)]
  0x00000000030d0000 JavaThread "Reference Handler" daemon [_thread_blocked, id=3288, stack(0x0000000017bb0000,0x0000000017cb0000)]
  0x0000000002fe1000 JavaThread "main" [_thread_blocked, id=6332, stack(0x0000000002ee0000,0x0000000002fe0000)]

Other Threads:
  0x0000000016a18000 VMThread [stack: 0x0000000017ab0000,0x0000000017bb0000] [id=8996]
  0x00000000183f5000 WatcherThread [stack: 0x00000000188a0000,0x00000000189a0000] [id=832]

VM state:synchronizing (normal execution)

VM Mutex/Monitor currently owned by a thread:  ([mutex/lock_event])
[0x00000000018abcc0] Safepoint_lock - owner thread: 0x0000000016a18000
[0x00000000018ac3c0] Threads_lock - owner thread: 0x0000000016a18000

Heap:
 PSYoungGen      total 445952K, used 173072K [0x00000000e0000000, 0x0000000100000000, 0x0000000100000000)
  eden space 371200K, 34% used [0x00000000e0000000,0x00000000e7e83d28,0x00000000f6a80000)
  from space 74752K, 58% used [0x00000000f6a80000,0x00000000f95004b8,0x00000000fb380000)
  to   space 74240K, 0% used [0x00000000fb780000,0x00000000fb780000,0x0000000100000000)
 ParOldGen       total 222720K, used 157874K [0x00000000a0000000, 0x00000000ad980000, 0x00000000e0000000)
  object space 222720K, 70% used [0x00000000a0000000,0x00000000a9a2ca20,0x00000000ad980000)
 Metaspace       used 76472K, capacity 79280K, committed 79448K, reserved 1118208K
  class space    used 9974K, capacity 10519K, committed 10584K, reserved 1048576K

Card table byte_map: [0x00000000124a0000,0x00000000127b0000] byte_map_base: 0x0000000011fa0000

Marking Bits: (ParMarkBitMap*) 0x00000000544db6d0
 Begin Bits: [0x0000000012db0000, 0x00000000145b0000)
 End Bits:   [0x00000000145b0000, 0x0000000015db0000)

Polling page: 0x00000000018b0000

CodeCache: size=245760Kb used=44978Kb max_used=45000Kb free=200781Kb
 bounds [0x00000000030e0000, 0x0000000005d20000, 0x00000000120e0000]
 total_blobs=14363 nmethods=13558 adapters=715
 compilation: enabled

Compilation events (10 events):
Event: 697.031 Thread 0x0000000016a55800 17236       3       com.android.jack.dx.dex.file.Section::<init> (52 bytes)
Event: 697.032 Thread 0x0000000016a55800 nmethod 17236 0x0000000003a45c50 code [0x0000000003a45de0, 0x0000000003a46188]
Event: 697.174 Thread 0x0000000016a52800 17237  s    4       java.io.FileDescriptor::attach (73 bytes)
Event: 697.176 Thread 0x0000000016a52800 nmethod 17237 0x0000000003b77e50 code [0x0000000003b77fa0, 0x0000000003b781d8]
Event: 697.179 Thread 0x0000000016a4f800 17238       4       com.android.jack.dx.dex.file.AnnotationsDirectoryItem::addFieldAnnotations (43 bytes)
Event: 697.194 Thread 0x0000000016a4f800 nmethod 17238 0x0000000005d0f250 code [0x0000000005d0f420, 0x0000000005d0fe38]
Event: 697.338 Thread 0x0000000016a4f800 17239       4       com.android.jack.dx.dex.file.ClassDefItem::addParameterAnnotations (10 bytes)
Event: 697.338 Thread 0x0000000016a52800 17240       4       com.android.jack.dx.dex.file.AnnotationsDirectoryItem::addParameterAnnotations (36 bytes)
Event: 697.343 Thread 0x0000000016a4f800 nmethod 17239 0x0000000005d10bd0 code [0x0000000005d10d40, 0x0000000005d111a8]
Event: 697.343 Thread 0x0000000016a52800 nmethod 17240 0x000000000459e710 code [0x000000000459e880, 0x000000000459ed08]

GC Heap History (10 events):
Event: 531.912 GC heap before
{Heap before GC invocations=36 (full 5):
 PSYoungGen      total 442880K, used 398281K [0x00000000e0000000, 0x00000000ffb80000, 0x0000000100000000)
  eden space 366080K, 100% used [0x00000000e0000000,0x00000000f6580000,0x00000000f6580000)
  from space 76800K, 41% used [0x00000000fb080000,0x00000000fcff2618,0x00000000ffb80000)
  to   space 76800K, 0% used [0x00000000f6580000,0x00000000f6580000,0x00000000fb080000)
 ParOldGen       total 222720K, used 123622K [0x00000000a0000000, 0x00000000ad980000, 0x00000000e0000000)
  object space 222720K, 55% used [0x00000000a0000000,0x00000000a78b99a8,0x00000000ad980000)
 Metaspace       used 75608K, capacity 77942K, committed 78040K, reserved 1116160K
  class space    used 9906K, capacity 10384K, committed 10456K, reserved 1048576K
Event: 531.980 GC heap after
Heap after GC invocations=36 (full 5):
 PSYoungGen      total 442880K, used 53266K [0x00000000e0000000, 0x0000000100000000, 0x0000000100000000)
  eden space 366080K, 0% used [0x00000000e0000000,0x00000000e0000000,0x00000000f6580000)
  from space 76800K, 69% used [0x00000000f6580000,0x00000000f9984898,0x00000000fb080000)
  to   space 79872K, 0% used [0x00000000fb200000,0x00000000fb200000,0x0000000100000000)
 ParOldGen       total 222720K, used 134890K [0x00000000a0000000, 0x00000000ad980000, 0x00000000e0000000)
  object space 222720K, 60% used [0x00000000a0000000,0x00000000a83ba9f0,0x00000000ad980000)
 Metaspace       used 75608K, capacity 77942K, committed 78040K, reserved 1116160K
  class space    used 9906K, capacity 10384K, committed 10456K, reserved 1048576K
}
Event: 610.152 GC heap before
{Heap before GC invocations=37 (full 5):
 PSYoungGen      total 442880K, used 419346K [0x00000000e0000000, 0x0000000100000000, 0x0000000100000000)
  eden space 366080K, 100% used [0x00000000e0000000,0x00000000f6580000,0x00000000f6580000)
  from space 76800K, 69% used [0x00000000f6580000,0x00000000f9984898,0x00000000fb080000)
  to   space 79872K, 0% used [0x00000000fb200000,0x00000000fb200000,0x0000000100000000)
 ParOldGen       total 222720K, used 134890K [0x00000000a0000000, 0x00000000ad980000, 0x00000000e0000000)
  object space 222720K, 60% used [0x00000000a0000000,0x00000000a83ba9f0,0x00000000ad980000)
 Metaspace       used 75893K, capacity 78356K, committed 78552K, reserved 1118208K
  class space    used 9933K, capacity 10423K, committed 10456K, reserved 1048576K
Event: 610.224 GC heap after
Heap after GC invocations=37 (full 5):
 PSYoungGen      total 443392K, used 28467K [0x00000000e0000000, 0x00000000ffc00000, 0x0000000100000000)
  eden space 367616K, 0% used [0x00000000e0000000,0x00000000e0000000,0x00000000f6700000)
  from space 75776K, 37% used [0x00000000fb200000,0x00000000fcdccd40,0x00000000ffc00000)
  to   space 76288K, 0% used [0x00000000f6700000,0x00000000f6700000,0x00000000fb180000)
 ParOldGen       total 222720K, used 151602K [0x00000000a0000000, 0x00000000ad980000, 0x00000000e0000000)
  object space 222720K, 68% used [0x00000000a0000000,0x00000000a940ca50,0x00000000ad980000)
 Metaspace       used 75893K, capacity 78356K, committed 78552K, reserved 1118208K
  class space    used 9933K, capacity 10423K, committed 10456K, reserved 1048576K
}
Event: 612.159 GC heap before
{Heap before GC invocations=38 (full 5):
 PSYoungGen      total 443392K, used 396083K [0x00000000e0000000, 0x00000000ffc00000, 0x0000000100000000)
  eden space 367616K, 100% used [0x00000000e0000000,0x00000000f6700000,0x00000000f6700000)
  from space 75776K, 37% used [0x00000000fb200000,0x00000000fcdccd40,0x00000000ffc00000)
  to   space 76288K, 0% used [0x00000000f6700000,0x00000000f6700000,0x00000000fb180000)
 ParOldGen       total 222720K, used 151602K [0x00000000a0000000, 0x00000000ad980000, 0x00000000e0000000)
  object space 222720K, 68% used [0x00000000a0000000,0x00000000a940ca50,0x00000000ad980000)
 Metaspace       used 76229K, capacity 78956K, committed 79192K, reserved 1118208K
  class space    used 9963K, capacity 10507K, committed 10584K, reserved 1048576K
Event: 612.212 GC heap after
Heap after GC invocations=38 (full 5):
 PSYoungGen      total 443904K, used 47272K [0x00000000e0000000, 0x0000000100000000, 0x0000000100000000)
  eden space 367616K, 0% used [0x00000000e0000000,0x00000000e0000000,0x00000000f6700000)
  from space 76288K, 61% used [0x00000000f6700000,0x00000000f952a168,0x00000000fb180000)
  to   space 76800K, 0% used [0x00000000fb500000,0x00000000fb500000,0x0000000100000000)
 ParOldGen       total 222720K, used 157138K [0x00000000a0000000, 0x00000000ad980000, 0x00000000e0000000)
  object space 222720K, 70% used [0x00000000a0000000,0x00000000a9974b90,0x00000000ad980000)
 Metaspace       used 76229K, capacity 78956K, committed 79192K, reserved 1118208K
  class space    used 9963K, capacity 10507K, committed 10584K, reserved 1048576K
}
Event: 691.018 GC heap before
{Heap before GC invocations=39 (full 5):
 PSYoungGen      total 443904K, used 414888K [0x00000000e0000000, 0x0000000100000000, 0x0000000100000000)
  eden space 367616K, 100% used [0x00000000e0000000,0x00000000f6700000,0x00000000f6700000)
  from space 76288K, 61% used [0x00000000f6700000,0x00000000f952a168,0x00000000fb180000)
  to   space 76800K, 0% used [0x00000000fb500000,0x00000000fb500000,0x0000000100000000)
 ParOldGen       total 222720K, used 157138K [0x00000000a0000000, 0x00000000ad980000, 0x00000000e0000000)
  object space 222720K, 70% used [0x00000000a0000000,0x00000000a9974b90,0x00000000ad980000)
 Metaspace       used 76335K, capacity 79144K, committed 79448K, reserved 1118208K
  class space    used 9974K, capacity 10519K, committed 10584K, reserved 1048576K
Event: 691.044 GC heap after
Heap after GC invocations=39 (full 5):
 PSYoungGen      total 444416K, used 25301K [0x00000000e0000000, 0x00000000ffc80000, 0x0000000100000000)
  eden space 371200K, 0% used [0x00000000e0000000,0x00000000e0000000,0x00000000f6a80000)
  from space 73216K, 34% used [0x00000000fb500000,0x00000000fcdb5730,0x00000000ffc80000)
  to   space 74752K, 0% used [0x00000000f6a80000,0x00000000f6a80000,0x00000000fb380000)
 ParOldGen       total 222720K, used 157866K [0x00000000a0000000, 0x00000000ad980000, 0x00000000e0000000)
  object space 222720K, 70% used [0x00000000a0000000,0x00000000a9a2aa20,0x00000000ad980000)
 Metaspace       used 76335K, capacity 79144K, committed 79448K, reserved 1118208K
  class space    used 9974K, capacity 10519K, committed 10584K, reserved 1048576K
}
Event: 696.949 GC heap before
{Heap before GC invocations=40 (full 5):
 PSYoungGen      total 444416K, used 396501K [0x00000000e0000000, 0x00000000ffc80000, 0x0000000100000000)
  eden space 371200K, 100% used [0x00000000e0000000,0x00000000f6a80000,0x00000000f6a80000)
  from space 73216K, 34% used [0x00000000fb500000,0x00000000fcdb5730,0x00000000ffc80000)
  to   space 74752K, 0% used [0x00000000f6a80000,0x00000000f6a80000,0x00000000fb380000)
 ParOldGen       total 222720K, used 157866K [0x00000000a0000000, 0x00000000ad980000, 0x00000000e0000000)
  object space 222720K, 70% used [0x00000000a0000000,0x00000000a9a2aa20,0x00000000ad980000)
 Metaspace       used 76472K, capacity 79280K, committed 79448K, reserved 1118208K
  class space    used 9974K, capacity 10519K, committed 10584K, reserved 1048576K
Event: 696.988 GC heap after
Heap after GC invocations=40 (full 5):
 PSYoungGen      total 445952K, used 43521K [0x00000000e0000000, 0x0000000100000000, 0x0000000100000000)
  eden space 371200K, 0% used [0x00000000e0000000,0x00000000e0000000,0x00000000f6a80000)
  from space 74752K, 58% used [0x00000000f6a80000,0x00000000f95004b8,0x00000000fb380000)
  to   space 74240K, 0% used [0x00000000fb780000,0x00000000fb780000,0x0000000100000000)
 ParOldGen       total 222720K, used 157874K [0x00000000a0000000, 0x00000000ad980000, 0x00000000e0000000)
  object space 222720K, 70% used [0x00000000a0000000,0x00000000a9a2ca20,0x00000000ad980000)
 Metaspace       used 76472K, capacity 79280K, committed 79448K, reserved 1118208K
  class space    used 9974K, capacity 10519K, committed 10584K, reserved 1048576K
}

Deoptimization events (10 events):
Event: 530.278 Thread 0x0000000023231800 Uncommon trap: reason=bimorphic action=maybe_recompile pc=0x0000000004bc6538 method=com.android.sched.vfs.PrefixedFS.openRead(Lcom/android/sched/vfs/BaseVFile;)Ljava/io/InputStream; @ 5
Event: 530.436 Thread 0x000000002323e800 Uncommon trap: reason=array_check action=maybe_recompile pc=0x000000000482d714 method=java.util.TimSort.reverseRange([Ljava/lang/Object;II)V @ 27
Event: 530.479 Thread 0x000000002323e800 Uncommon trap: reason=array_check action=maybe_recompile pc=0x000000000482d714 method=java.util.TimSort.reverseRange([Ljava/lang/Object;II)V @ 27
Event: 530.479 Thread 0x000000002323e800 Uncommon trap: reason=array_check action=maybe_recompile pc=0x000000000359fc0c method=java.util.TimSort.reverseRange([Ljava/lang/Object;II)V @ 27
Event: 530.807 Thread 0x000000002323a000 Uncommon trap: reason=unstable_if action=reinterpret pc=0x0000000004aaf100 method=java.util.concurrent.locks.AbstractQueuedSynchronizer.isOnSyncQueue(Ljava/util/concurrent/locks/AbstractQueuedSynchronizer$Node;)Z @ 13
Event: 609.689 Thread 0x0000000023230000 Uncommon trap: reason=null_check action=make_not_entrant pc=0x0000000003223754 method=sun.nio.fs.NativeBuffers.getNativeBufferFromCache(I)Lsun/nio/fs/NativeBuffer; @ 6
Event: 610.241 Thread 0x0000000023230000 Uncommon trap: reason=null_check action=make_not_entrant pc=0x0000000004474288 method=java.lang.ThreadLocal$ThreadLocalMap.set(Ljava/lang/ThreadLocal;Ljava/lang/Object;)V @ 36
Event: 613.245 Thread 0x0000000023232800 Uncommon trap: reason=speculate_class_check action=maybe_recompile pc=0x00000000033e396c method=com.android.jack.dx.dex.file.OffsettedItem.writeTo(Lcom/android/jack/dx/dex/file/DexFile;Lcom/android/jack/dx/util/AnnotatedOutput;)V @ 68
Event: 614.375 Thread 0x0000000023230000 Uncommon trap: reason=class_check action=maybe_recompile pc=0x0000000004d862d0 method=java.util.HashMap.removeNode(ILjava/lang/Object;Ljava/lang/Object;ZZ)Ljava/util/HashMap$Node; @ 143
Event: 695.973 Thread 0x000000002323e800 Uncommon trap: reason=speculate_class_check action=maybe_recompile pc=0x00000000033e396c method=com.android.jack.dx.dex.file.OffsettedItem.writeTo(Lcom/android/jack/dx/dex/file/DexFile;Lcom/android/jack/dx/util/AnnotatedOutput;)V @ 68

Internal exceptions (10 events):
Event: 693.534 Thread 0x0000000023232800 Exception <a 'sun/nio/fs/WindowsException'> (0x00000000e1216ab8) thrown at [C:\re\workspace\8-2-build-windows-amd64-cygwin\jdk8u121\8372\hotspot\src\share\vm\prims\jni.cpp, line 709]
Event: 693.534 Thread 0x0000000023232800 Exception <a 'sun/nio/fs/WindowsException'> (0x00000000e1217698) thrown at [C:\re\workspace\8-2-build-windows-amd64-cygwin\jdk8u121\8372\hotspot\src\share\vm\prims\jni.cpp, line 709]
Event: 693.535 Thread 0x0000000023232800 Exception <a 'sun/nio/fs/WindowsException'> (0x00000000e12192b0) thrown at [C:\re\workspace\8-2-build-windows-amd64-cygwin\jdk8u121\8372\hotspot\src\share\vm\prims\jni.cpp, line 709]
Event: 693.535 Thread 0x0000000023232800 Exception <a 'sun/nio/fs/WindowsException'> (0x00000000e1219ed0) thrown at [C:\re\workspace\8-2-build-windows-amd64-cygwin\jdk8u121\8372\hotspot\src\share\vm\prims\jni.cpp, line 709]
Event: 693.535 Thread 0x0000000023232800 Exception <a 'sun/nio/fs/WindowsException'> (0x00000000e121ca70) thrown at [C:\re\workspace\8-2-build-windows-amd64-cygwin\jdk8u121\8372\hotspot\src\share\vm\prims\jni.cpp, line 709]
Event: 693.535 Thread 0x0000000023232800 Exception <a 'sun/nio/fs/WindowsException'> (0x00000000e121d6c8) thrown at [C:\re\workspace\8-2-build-windows-amd64-cygwin\jdk8u121\8372\hotspot\src\share\vm\prims\jni.cpp, line 709]
Event: 693.535 Thread 0x0000000023232800 Exception <a 'sun/nio/fs/WindowsException'> (0x00000000e121f358) thrown at [C:\re\workspace\8-2-build-windows-amd64-cygwin\jdk8u121\8372\hotspot\src\share\vm\prims\jni.cpp, line 709]
Event: 693.535 Thread 0x0000000023232800 Exception <a 'sun/nio/fs/WindowsException'> (0x00000000e121fff0) thrown at [C:\re\workspace\8-2-build-windows-amd64-cygwin\jdk8u121\8372\hotspot\src\share\vm\prims\jni.cpp, line 709]
Event: 694.466 Thread 0x0000000023232800 Exception <a 'java/lang/NullPointerException'> (0x00000000e24eace0) thrown at [C:\re\workspace\8-2-build-windows-amd64-cygwin\jdk8u121\8372\hotspot\src\share\vm\interpreter\linkResolver.cpp, line 1280]
Event: 697.410 Thread 0x000000002323d000 Implicit null exception at 0x000000000511a568 to 0x0000000000000000

Events (10 events):
Event: 697.040 Executing VM operation: RevokeBias done
Event: 697.040 Executing VM operation: RevokeBias
Event: 697.040 Executing VM operation: RevokeBias done
Event: 697.064 Executing VM operation: BulkRevokeBias
Event: 697.064 Executing VM operation: BulkRevokeBias done
Event: 697.064 Executing VM operation: BulkRevokeBias
Event: 697.064 Executing VM operation: BulkRevokeBias done
Event: 697.064 Executing VM operation: BulkRevokeBias
Event: 697.065 Executing VM operation: BulkRevokeBias done
Event: 697.344 Thread 0x0000000016a4f800 flushing nmethod 0x00000000036040d0


Dynamic libraries:
0x00007ff763d90000 - 0x00007ff763dc7000 	C:\Program Files\Java\jdk1.8.0_121\bin\java.exe
0x00007ffc79bd0000 - 0x00007ffc79da1000 	C:\Windows\SYSTEM32\ntdll.dll
0x00007ffc77b20000 - 0x00007ffc77bcc000 	C:\Windows\System32\KERNEL32.DLL
0x00007ffc76e80000 - 0x00007ffc7709d000 	C:\Windows\System32\KERNELBASE.dll
0x00007ffc77d20000 - 0x00007ffc77dc2000 	C:\Windows\System32\ADVAPI32.dll
0x00007ffc77c10000 - 0x00007ffc77cae000 	C:\Windows\System32\msvcrt.dll
0x00007ffc77850000 - 0x00007ffc778a9000 	C:\Windows\System32\sechost.dll
0x00007ffc77440000 - 0x00007ffc77561000 	C:\Windows\System32\RPCRT4.dll
0x00007ffc776e0000 - 0x00007ffc77845000 	C:\Windows\System32\USER32.dll
0x00007ffc761e0000 - 0x00007ffc761fe000 	C:\Windows\System32\win32u.dll
0x00007ffc77bd0000 - 0x00007ffc77c04000 	C:\Windows\System32\GDI32.dll
0x00007ffc76520000 - 0x00007ffc766a0000 	C:\Windows\System32\gdi32full.dll
0x00007ffc6fe90000 - 0x00007ffc7010a000 	C:\Windows\WinSxS\amd64_microsoft.windows.common-controls_6595b64144ccf1df_6.0.14393.953_none_42151e83c686086b\COMCTL32.dll
0x00007ffc77170000 - 0x00007ffc77438000 	C:\Windows\System32\combase.dll
0x00007ffc76d80000 - 0x00007ffc76e75000 	C:\Windows\System32\ucrtbase.dll
0x00007ffc770a0000 - 0x00007ffc7710a000 	C:\Windows\System32\bcryptPrimitives.dll
0x00007ffc79ba0000 - 0x00007ffc79bce000 	C:\Windows\System32\IMM32.DLL
0x0000000054560000 - 0x0000000054632000 	C:\Program Files\Java\jdk1.8.0_121\jre\bin\msvcr100.dll
0x0000000053cc0000 - 0x000000005455b000 	C:\Program Files\Java\jdk1.8.0_121\jre\bin\server\jvm.dll
0x00007ffc778b0000 - 0x00007ffc778b8000 	C:\Windows\System32\PSAPI.DLL
0x00007ffc74030000 - 0x00007ffc74053000 	C:\Windows\SYSTEM32\WINMM.dll
0x00007ffc6fc20000 - 0x00007ffc6fc2a000 	C:\Windows\SYSTEM32\VERSION.dll
0x00007ffc64f30000 - 0x00007ffc64f39000 	C:\Windows\SYSTEM32\WSOCK32.dll
0x00007ffc77cb0000 - 0x00007ffc77d1a000 	C:\Windows\System32\WS2_32.dll
0x00007ffc73e70000 - 0x00007ffc73e9b000 	C:\Windows\SYSTEM32\WINMMBASE.dll
0x00007ffc77110000 - 0x00007ffc77152000 	C:\Windows\System32\cfgmgr32.dll
0x0000000053cb0000 - 0x0000000053cbf000 	C:\Program Files\Java\jdk1.8.0_121\jre\bin\verify.dll
0x0000000053c80000 - 0x0000000053ca9000 	C:\Program Files\Java\jdk1.8.0_121\jre\bin\java.dll
0x0000000053c60000 - 0x0000000053c76000 	C:\Program Files\Java\jdk1.8.0_121\jre\bin\zip.dll
0x00007ffc78090000 - 0x00007ffc79598000 	C:\Windows\System32\SHELL32.dll
0x00007ffc766a0000 - 0x00007ffc76d7a000 	C:\Windows\System32\windows.storage.dll
0x00007ffc76080000 - 0x00007ffc760cc000 	C:\Windows\System32\powrprof.dll
0x00007ffc77ac0000 - 0x00007ffc77b12000 	C:\Windows\System32\shlwapi.dll
0x00007ffc76070000 - 0x00007ffc7607f000 	C:\Windows\System32\kernel.appcore.dll
0x00007ffc76200000 - 0x00007ffc762a9000 	C:\Windows\System32\shcore.dll
0x00007ffc76040000 - 0x00007ffc76054000 	C:\Windows\System32\profapi.dll
0x0000000053c40000 - 0x0000000053c5a000 	C:\Program Files\Java\jdk1.8.0_121\jre\bin\net.dll
0x00007ffc75970000 - 0x00007ffc759cc000 	C:\Windows\system32\mswsock.dll
0x0000000053c20000 - 0x0000000053c31000 	C:\Program Files\Java\jdk1.8.0_121\jre\bin\nio.dll
0x00007ffc548f0000 - 0x00007ffc5490e000 	C:\Users\Pavel\.gradle\native\23\windows-amd64\native-platform.dll
0x00007ffc75b10000 - 0x00007ffc75b27000 	C:\Windows\SYSTEM32\CRYPTSP.dll
0x00007ffc75570000 - 0x00007ffc755a3000 	C:\Windows\system32\rsaenh.dll
0x00007ffc75c20000 - 0x00007ffc75c4b000 	C:\Windows\SYSTEM32\bcrypt.dll
0x00007ffc757f0000 - 0x00007ffc7580f000 	C:\Windows\SYSTEM32\USERENV.dll
0x00007ffc75b30000 - 0x00007ffc75b3b000 	C:\Windows\SYSTEM32\CRYPTBASE.dll
0x00007ffc756f0000 - 0x00007ffc75728000 	C:\Windows\SYSTEM32\IPHLPAPI.DLL
0x00007ffc77160000 - 0x00007ffc77168000 	C:\Windows\System32\NSI.dll
0x00007ffc721b0000 - 0x00007ffc721c6000 	C:\Windows\SYSTEM32\dhcpcsvc6.DLL
0x00007ffc72120000 - 0x00007ffc7213a000 	C:\Windows\SYSTEM32\dhcpcsvc.DLL
0x0000000053c10000 - 0x0000000053c1d000 	C:\Program Files\Java\jdk1.8.0_121\jre\bin\management.dll
0x0000000053950000 - 0x0000000053974000 	C:\Program Files\Java\jdk1.8.0_121\jre\bin\sunec.dll
0x0000000053940000 - 0x000000005394b000 	C:\Program Files\Java\jdk1.8.0_121\jre\bin\sunmscapi.dll
0x00007ffc762b0000 - 0x00007ffc76479000 	C:\Windows\System32\CRYPT32.dll
0x00007ffc76060000 - 0x00007ffc76070000 	C:\Windows\System32\MSASN1.dll
0x00007ffc66f70000 - 0x00007ffc67102000 	C:\Windows\SYSTEM32\dbghelp.dll

VM Arguments:
jvm_args: -Xmx1536m -Dfile.encoding=windows-1251 -Duser.country=RU -Duser.language=ru -Duser.variant 
java_command: org.gradle.launcher.daemon.bootstrap.GradleDaemon 3.3
java_class_path (initial): C:\Users\Pavel\.gradle\wrapper\dists\gradle-3.3-all\55gk2rcmfc6p2dg9u9ohc3hw9\gradle-3.3\lib\gradle-launcher-3.3.jar
Launcher Type: SUN_STANDARD

Environment Variables:
JAVA_HOME=C:\Program Files\Java\jdk1.8.0_121
PATH=C:\ProgramData\Oracle\Java\javapath;C:\ProgramData\Oracle\Java\javapath\jdk1.8.0_121;C:\Program Files (x86)\NVIDIA Corporation\PhysX\Common;C:\Windows\system32;C:\Windows;C:\Windows\System32\Wbem;C:\Windows\System32\WindowsPowerShell\v1.0\;C:\Program Files (x86)\QuickTime\QTSystem\;C:\Program Files\Git\cmd;C:\Users\Pavel\AppData\Local\Microsoft\WindowsApps;C:\Program Files\Java\jdk1.8.0_121\bin
USERNAME=Pavel
OS=Windows_NT
PROCESSOR_IDENTIFIER=AMD64 Family 16 Model 4 Stepping 3, AuthenticAMD



---------------  S Y S T E M  ---------------

OS: Windows 10.0 , 64 bit Build 14393 (10.0.14393.1198)

CPU:total 4 (4 cores per cpu, 1 threads per core) family 16 model 4 stepping 3, cmov, cx8, fxsr, mmx, sse, sse2, sse3, popcnt, mmxext, 3dnowpref, lzcnt, sse4a, tsc, tscinvbit, tscinv

Memory: 4k page, physical 6290676k(445204k free), swap 12758396k(3684976k free)

vm_info: Java HotSpot(TM) 64-Bit Server VM (25.121-b13) for windows-amd64 JRE (1.8.0_121-b13), built on Dec 12 2016 18:21:36 by "java_re" with MS VC++ 10.0 (VS2010)

time: Sat Jul 29 02:21:03 2017
elapsed time: 698 seconds (0d 0h 11m 38s)

